#
# A fatal error has been detected by the Java Runtime Environment:
#
#  EXCEPTION_ACCESS_VIOLATION (0xc0000005) at pc=0x00007fffcc146587, pid=18680, tid=14808
#
# JRE version: Java(TM) SE Runtime Environment (17.0.3.1+2) (build 17.0.3.1+2-LTS-6)
# Java VM: Java HotSpot(TM) 64-Bit Server VM (17.0.3.1+2-LTS-6, mixed mode, sharing, tiered, compressed oops, compressed class ptrs, g1 gc, windows-amd64)
# Problematic frame:
# C  [glass.dll+0x26587]
#
# No core dump will be written. Minidumps are not enabled by default on client versions of Windows
#
# If you would like to submit a bug report, please visit:
#   https://bugreport.java.com/bugreport/crash.jsp
#

---------------  S U M M A R Y ------------

Command Line: --module-path=C:\Program Files\javafx\javafx-sdk-21.0.1\lib --add-modules=javafx.controls,javafx.fxml -javaagent:C:\Program Files\JetBrains\IntelliJ IDEA 2023.2.5\lib\idea_rt.jar=49922:C:\Program Files\JetBrains\IntelliJ IDEA 2023.2.5\bin -Dfile.encoding=UTF-8 com.example.registrationwindow.Main

Host: AMD Ryzen 5 5600H with Radeon Graphics         , 12 cores, 13G,  Windows 10 , 64 bit Build 19041 (10.0.19041.3636)
Time: Wed Jan 17 09:40:17 2024  Windows 10 , 64 bit Build 19041 (10.0.19041.3636) elapsed time: 115.134483 seconds (0d 0h 1m 55s)

---------------  T H R E A D  ---------------

Current thread (0x000002877f8172a0):  VMThread "VM Thread" [stack: 0x000000a7a4200000,0x000000a7a4300000] [id=14808]

Stack: [0x000000a7a4200000,0x000000a7a4300000],  sp=0x000000a7a42fed60,  free space=1019k
Native frames: (J=compiled Java code, j=interpreted, Vv=VM code, C=native code)
C  [glass.dll+0x26587]


siginfo: EXCEPTION_ACCESS_VIOLATION (0xc0000005), reading address 0x0000000000000000


Register to memory mapping:

RIP=0x00007fffcc146587 glass.dll
RAX=0x0 is NULL
RBX=0x000002877f8229a0 is a global jni handle
RCX=0x000002877f8172a0 points into unknown readable memory: 0x00007fff8de6e950 | 50 e9 e6 8d ff 7f 00 00
RDX=0x000000a7a42fed60 points into unknown readable memory: 0x0000000000000000 | 00 00 00 00 00 00 00 00
RSP=0x000000a7a42fed60 points into unknown readable memory: 0x0000000000000000 | 00 00 00 00 00 00 00 00
RBP=0x00000287120953a8 points into unknown readable memory: 0x0000cb0a1505215a | 5a 21 05 15 0a cb 00 00
RSI=0x0000028712095380 points into unknown readable memory: 0xff309bedb50520a5 | a5 20 05 b5 ed 9b 30 ff
RDI=0x0000cb0a1505215a is an unknown value
R8 =0x0000000000010002 is an unknown value
R9 =0x0000cb0a1505215a is an unknown value
R10=0x0000000000008000 is an unknown value
R11=0x000000a7a42fecf0 points into unknown readable memory: 0x0000028712095380 | 80 53 09 12 87 02 00 00
R12=0x00007fffcc143ed0 glass.dll
R13=0x00007fff8e014990 jvm.dll
R14=0x000000a7a42fee58 points into unknown readable memory: 0x000000a7a42fee40 | 40 ee 2f a4 a7 00 00 00
R15=0x0000028712095380 points into unknown readable memory: 0xff309bedb50520a5 | a5 20 05 b5 ed 9b 30 ff


Registers:
RAX=0x0000000000000000, RBX=0x000002877f8229a0, RCX=0x000002877f8172a0, RDX=0x000000a7a42fed60
RSP=0x000000a7a42fed60, RBP=0x00000287120953a8, RSI=0x0000028712095380, RDI=0x0000cb0a1505215a
R8 =0x0000000000010002, R9 =0x0000cb0a1505215a, R10=0x0000000000008000, R11=0x000000a7a42fecf0
R12=0x00007fffcc143ed0, R13=0x00007fff8e014990, R14=0x000000a7a42fee58, R15=0x0000028712095380
RIP=0x00007fffcc146587, EFLAGS=0x0000000000010202

Top of Stack: (sp=0x000000a7a42fed60)
0x000000a7a42fed60:   0000000000000000 0000028712095380
0x000000a7a42fed70:   00007fff8e014990 00007fffcc143ed0
0x000000a7a42fed80:   0000028712095388 00007ff80c0a42d6
0x000000a7a42fed90:   0000cb0a1505215a 0000028700000000
0x000000a7a42feda0:   00000287120953a8 0000028712095380
0x000000a7a42fedb0:   fffffffffffffffe 0000000000000000
0x000000a7a42fedc0:   0000000000000001 00007fffcc120000
0x000000a7a42fedd0:   000000a7a42fee48 00007ff80c0a41fb
0x000000a7a42fede0:   0000000000000000 000000a7a42fee58
0x000000a7a42fedf0:   000000a7a42ff130 00007ff80c180e40
0x000000a7a42fee00:   0000000000000001 00007ff80c0a41b4
0x000000a7a42fee10:   0000000000000000 0000000000000001
0x000000a7a42fee20:   0000000000000001 000000a7a42fee48
0x000000a7a42fee30:   0000000000000000 00007fffcc143d5d
0x000000a7a42fee40:   00007fffcc15a008 00007fff00000002
0x000000a7a42fee50:   0000000000000002 000000a7a42fee40 

Instructions: (pc=0x00007fffcc146587)
0x00007fffcc146487:   8b 4d 58 e8 8d cf ff ff 48 8b 4d 60 e8 84 cf ff
0x00007fffcc146497:   ff 48 8b 95 80 00 00 00 48 8b 8d 18 01 00 00 e8
0x00007fffcc1464a7:   76 c4 ff ff 33 d2 33 c9 e8 cc e1 ff ff 90 48 89
0x00007fffcc1464b7:   54 24 10 55 48 83 ec 20 48 8b ea 48 b8 00 00 00
0x00007fffcc1464c7:   00 00 00 00 00 48 83 c4 20 5d c3 cc 40 55 48 8b
0x00007fffcc1464d7:   ea 48 8b 01 33 c9 81 38 05 00 00 c0 0f 94 c1 8b
0x00007fffcc1464e7:   c1 5d c3 cc 40 55 48 83 ec 20 48 8b ea 8a 4d 40
0x00007fffcc1464f7:   48 83 c4 20 5d e9 73 d3 ff ff cc 40 55 48 83 ec
0x00007fffcc146507:   20 48 8b ea 8a 4d 20 e8 61 d3 ff ff 90 48 83 c4
0x00007fffcc146517:   20 5d c3 cc 40 55 48 83 ec 20 48 8b ea 48 83 c4
0x00007fffcc146527:   20 5d e9 c2 d1 ff ff cc 40 55 48 83 ec 30 48 8b
0x00007fffcc146537:   ea 48 8b 01 8b 10 48 89 4c 24 28 89 54 24 20 4c
0x00007fffcc146547:   8d 0d 63 d6 ff ff 4c 8b 45 70 8b 55 68 48 8b 4d
0x00007fffcc146557:   60 e8 03 d1 ff ff 90 48 83 c4 30 5d c3 cc cc cc
0x00007fffcc146567:   cc cc cc cc cc cc cc cc cc 40 53 48 83 ec 20 48
0x00007fffcc146577:   8b 1d 8b 34 01 00 48 85 db 74 16 e8 89 8f ff ff
0x00007fffcc146587:   4c 8b 00 48 8b d3 48 8b c8 41 ff 90 b0 00 00 00
0x00007fffcc146597:   90 48 83 c4 20 5b c3 cc cc 40 53 48 83 ec 20 48
0x00007fffcc1465a7:   8b 1d fb 35 01 00 48 85 db 74 57 b8 ff ff ff ff
0x00007fffcc1465b7:   f0 0f c1 43 10 83 f8 01 75 3d 48 85 db 74 38 48
0x00007fffcc1465c7:   8b 0b 48 85 c9 74 0d ff 15 d4 0c 00 00 48 c7 03
0x00007fffcc1465d7:   00 00 00 00 48 8b 4b 08 48 85 c9 74 0d e8 33 ce
0x00007fffcc1465e7:   ff ff 48 c7 43 08 00 00 00 00 ba 18 00 00 00 48
0x00007fffcc1465f7:   8b cb e8 1e ce ff ff 48 c7 05 9f 35 01 00 00 00
0x00007fffcc146607:   00 00 48 83 c4 20 5b c3 cc 40 53 48 83 ec 20 48
0x00007fffcc146617:   8b 1d 6b 35 01 00 48 85 db 74 57 b8 ff ff ff ff
0x00007fffcc146627:   f0 0f c1 43 10 83 f8 01 75 3d 48 85 db 74 38 48
0x00007fffcc146637:   8b 0b 48 85 c9 74 0d ff 15 64 0c 00 00 48 c7 03
0x00007fffcc146647:   00 00 00 00 48 8b 4b 08 48 85 c9 74 0d e8 c3 cd
0x00007fffcc146657:   ff ff 48 c7 43 08 00 00 00 00 ba 18 00 00 00 48
0x00007fffcc146667:   8b cb e8 ae cd ff ff 48 c7 05 0f 35 01 00 00 00
0x00007fffcc146677:   00 00 48 83 c4 20 5b c3 cc 40 53 48 83 ec 20 48 


Stack slot to memory mapping:
stack at sp + 0 slots: 0x0 is NULL
stack at sp + 1 slots: 0x0000028712095380 points into unknown readable memory: 0xff309bedb50520a5 | a5 20 05 b5 ed 9b 30 ff
stack at sp + 2 slots: 0x00007fff8e014990 jvm.dll
stack at sp + 3 slots: 0x00007fffcc143ed0 glass.dll
stack at sp + 4 slots: 0x0000028712095388 points into unknown readable memory: 0x0000cb0a1505215a | 5a 21 05 15 0a cb 00 00
stack at sp + 5 slots: 0x00007ff80c0a42d6 ucrtbase.dll
stack at sp + 6 slots: 0x0000cb0a1505215a is an unknown value
stack at sp + 7 slots: 0x0000028700000000 points into unknown readable memory: 0x0000000000000006 | 06 00 00 00 00 00 00 00

VM_Operation (0x000000a7a39fefb0): Exit, mode: safepoint, requested by thread 0x0000028712de4340


---------------  P R O C E S S  ---------------

Threads class SMR info:
_java_thread_list=0x0000028712b89430, length=20, elements={
0x000002876ea5bcc0, 0x000002877f81d740, 0x000002877f81e590, 0x000002877f835e30,
0x000002877f836890, 0x000002877f83b660, 0x000002877f83c300, 0x000002877f844cc0,
0x000002877f8501a0, 0x000002877f8082e0, 0x0000028711b97c70, 0x0000028711f8b420,
0x0000028711ffaed0, 0x0000028712878910, 0x0000028712878de0, 0x00000287129168d0,
0x000002871291c010, 0x0000028712e8f5b0, 0x0000028712de2b30, 0x0000028712de4340
}

Java Threads: ( => current thread )
  0x000002876ea5bcc0 JavaThread "main" [_thread_blocked, id=9764, stack(0x000000a7a3c00000,0x000000a7a3d00000)]
  0x000002877f81d740 JavaThread "Reference Handler" daemon [_thread_blocked, id=5488, stack(0x000000a7a4300000,0x000000a7a4400000)]
  0x000002877f81e590 JavaThread "Finalizer" daemon [_thread_blocked, id=10820, stack(0x000000a7a4400000,0x000000a7a4500000)]
  0x000002877f835e30 JavaThread "Attach Listener" daemon [_thread_blocked, id=12656, stack(0x000000a7a4600000,0x000000a7a4700000)]
  0x000002877f836890 JavaThread "Service Thread" daemon [_thread_blocked, id=10664, stack(0x000000a7a4700000,0x000000a7a4800000)]
  0x000002877f83b660 JavaThread "Monitor Deflation Thread" daemon [_thread_blocked, id=18568, stack(0x000000a7a4800000,0x000000a7a4900000)]
  0x000002877f83c300 JavaThread "C2 CompilerThread0" daemon [_thread_blocked, id=18760, stack(0x000000a7a4900000,0x000000a7a4a00000)]
  0x000002877f844cc0 JavaThread "C1 CompilerThread0" daemon [_thread_blocked, id=18716, stack(0x000000a7a4a00000,0x000000a7a4b00000)]
  0x000002877f8501a0 JavaThread "Sweeper thread" daemon [_thread_blocked, id=17212, stack(0x000000a7a4b00000,0x000000a7a4c00000)]
  0x000002877f8082e0 JavaThread "Common-Cleaner" daemon [_thread_blocked, id=13392, stack(0x000000a7a4c00000,0x000000a7a4d00000)]
  0x0000028711b97c70 JavaThread "Monitor Ctrl-Break" daemon [_thread_in_native, id=16296, stack(0x000000a7a4f00000,0x000000a7a5000000)]
  0x0000028711f8b420 JavaThread "Notification Thread" daemon [_thread_blocked, id=17020, stack(0x000000a7a5000000,0x000000a7a5100000)]
  0x0000028711ffaed0 JavaThread "QuantumRenderer-0" daemon [_thread_blocked, id=18408, stack(0x000000a7a5200000,0x000000a7a5300000)]
  0x0000028712878910 JavaThread "InvokeLaterDispatcher" daemon [_thread_blocked, id=5192, stack(0x000000a7a4d00000,0x000000a7a4e00000)]
  0x0000028712878de0 JavaThread "JavaFX Application Thread" [_thread_in_native, id=10432, stack(0x000000a7a5600000,0x000000a7a5700000)]
  0x00000287129168d0 JavaThread "JavaFX-Launcher" [_thread_blocked, id=17336, stack(0x000000a7a5f00000,0x000000a7a6000000)]
  0x000002871291c010 JavaThread "Thread-2" daemon [_thread_in_native, id=13276, stack(0x000000a7a5e00000,0x000000a7a5f00000)]
  0x0000028712e8f5b0 JavaThread "Prism Font Disposer" daemon [_thread_blocked, id=11896, stack(0x000000a7a6900000,0x000000a7a6a00000)]
  0x0000028712de2b30 JavaThread "Cleaner-0" daemon [_thread_blocked, id=1444, stack(0x000000a7a6a90000,0x000000a7a6b90000)]
  0x0000028712de4340 JavaThread "SIGINT handler" daemon [_thread_blocked, id=13816, stack(0x000000a7a3900000,0x000000a7a3a00000)]

Other Threads:
=>0x000002877f8172a0 VMThread "VM Thread" [stack: 0x000000a7a4200000,0x000000a7a4300000] [id=14808]
  0x000002876eabf550 GCTaskThread "GC Thread#0" [stack: 0x000000a7a3d00000,0x000000a7a3e00000] [id=7780]
  0x00000287128a7290 GCTaskThread "GC Thread#1" [stack: 0x000000a7a6000000,0x000000a7a6100000] [id=8424]
  0x000002871298b8d0 GCTaskThread "GC Thread#2" [stack: 0x000000a7a6100000,0x000000a7a6200000] [id=724]
  0x000002871298ab60 GCTaskThread "GC Thread#3" [stack: 0x000000a7a6200000,0x000000a7a6300000] [id=14836]
  0x000002871298be30 GCTaskThread "GC Thread#4" [stack: 0x000000a7a6300000,0x000000a7a6400000] [id=11260]
  0x000002871298b620 GCTaskThread "GC Thread#5" [stack: 0x000000a7a6400000,0x000000a7a6500000] [id=11076]
  0x000002871298bb80 GCTaskThread "GC Thread#6" [stack: 0x000000a7a6500000,0x000000a7a6600000] [id=12160]
  0x000002871298c390 GCTaskThread "GC Thread#7" [stack: 0x000000a7a6b90000,0x000000a7a6c90000] [id=7240]
  0x000002871298c640 GCTaskThread "GC Thread#8" [stack: 0x000000a7a6c90000,0x000000a7a6d90000] [id=17940]
  0x000002871298b0c0 GCTaskThread "GC Thread#9" [stack: 0x000000a7a6d90000,0x000000a7a6e90000] [id=8380]
  0x000002876ead0330 ConcurrentGCThread "G1 Main Marker" terminated
  0x000002876ead14e0 ConcurrentGCThread "G1 Conc#0" [stack: 0x000000a7a3f00000,0x000000a7a4000000] [id=13804]
  0x000002876eb2db20 ConcurrentGCThread "G1 Refine#0" terminated
  0x000002876eb2e540 ConcurrentGCThread "G1 Service" terminated

Threads with active compile tasks:
C1 CompilerThread0  
[error occurred during error reporting (printing all threads), id 0xc0000005, EXCEPTION_ACCESS_VIOLATION (0xc0000005) at pc=0x00007fff8dc7f1d3]

VM state: at safepoint (shutting down)

VM Mutex/Monitor currently owned by a thread:  ([mutex/lock_event])
[0x000002876ea58260] Threads_lock - owner thread: 0x000002877f8172a0
[0x000002876ea58800] Heap_lock - owner thread: 0x0000028712de4340

Heap address: 0x0000000722400000, size: 3548 MB, Compressed Oops mode: Zero based, Oop shift amount: 3

CDS archive(s) mapped at: [0x0000000800000000-0x0000000800bc0000-0x0000000800bc0000), size 12320768, SharedBaseAddress: 0x0000000800000000, ArchiveRelocationMode: 0.
Compressed class space mapped at: 0x0000000800c00000-0x0000000840c00000, reserved size: 1073741824
Narrow klass base: 0x0000000800000000, Narrow klass shift: 0, Narrow klass range: 0x100000000

GC Precious Log:
 CPUs: 12 total, 12 available
 Memory: 14188M
 Large Page Support: Disabled
 NUMA Support: Disabled
 Compressed Oops: Enabled (Zero based)
 Heap Region Size: 2M
 Heap Min Capacity: 8M
 Heap Initial Capacity: 222M
 Heap Max Capacity: 3548M
 Pre-touch: Disabled
 Parallel Workers: 10
 Concurrent Workers: 3
 Concurrent Refinement Workers: 10
 Periodic GC: Disabled

Heap:
 garbage-first heap   total 227328K, used 21950K [0x0000000722400000, 0x0000000800000000)
  region size 2048K, 9 young (18432K), 2 survivors (4096K)
 Metaspace       used 15522K, committed 15808K, reserved 1064960K
  class space    used 2257K, committed 2368K, reserved 1048576K

Heap Regions: E=young(eden), S=young(survivor), O=old, HS=humongous(starts), HC=humongous(continues), CS=collection set, F=free, OA=open archive, CA=closed archive, TAMS=top-at-mark-start (previous, next)
|   0|0x0000000722400000, 0x0000000722600000, 0x0000000722600000|100%| O|  |TAMS 0x0000000722400000, 0x0000000722400000| Untracked 
|   1|0x0000000722600000, 0x00000007227fa800, 0x0000000722800000| 98%| O|  |TAMS 0x0000000722600000, 0x0000000722600000| Untracked 
|   2|0x0000000722800000, 0x0000000722a00000, 0x0000000722a00000|100%|HS|  |TAMS 0x0000000722800000, 0x0000000722800000| Complete 
|   3|0x0000000722a00000, 0x0000000722a00000, 0x0000000722c00000|  0%| F|  |TAMS 0x0000000722a00000, 0x0000000722a00000| Untracked 
|   4|0x0000000722c00000, 0x0000000722c00000, 0x0000000722e00000|  0%| F|  |TAMS 0x0000000722c00000, 0x0000000722c00000| Untracked 
|   5|0x0000000722e00000, 0x0000000722e00000, 0x0000000723000000|  0%| F|  |TAMS 0x0000000722e00000, 0x0000000722e00000| Untracked 
|   6|0x0000000723000000, 0x0000000723000000, 0x0000000723200000|  0%| F|  |TAMS 0x0000000723000000, 0x0000000723000000| Untracked 
|   7|0x0000000723200000, 0x0000000723200000, 0x0000000723400000|  0%| F|  |TAMS 0x0000000723200000, 0x0000000723200000| Untracked 
|   8|0x0000000723400000, 0x0000000723400000, 0x0000000723600000|  0%| F|  |TAMS 0x0000000723400000, 0x0000000723400000| Untracked 
|   9|0x0000000723600000, 0x0000000723600000, 0x0000000723800000|  0%| F|  |TAMS 0x0000000723600000, 0x0000000723600000| Untracked 
|  10|0x0000000723800000, 0x0000000723800000, 0x0000000723a00000|  0%| F|  |TAMS 0x0000000723800000, 0x0000000723800000| Untracked 
|  11|0x0000000723a00000, 0x0000000723a00000, 0x0000000723c00000|  0%| F|  |TAMS 0x0000000723a00000, 0x0000000723a00000| Untracked 
|  12|0x0000000723c00000, 0x0000000723c00000, 0x0000000723e00000|  0%| F|  |TAMS 0x0000000723c00000, 0x0000000723c00000| Untracked 
|  13|0x0000000723e00000, 0x0000000723e00000, 0x0000000724000000|  0%| F|  |TAMS 0x0000000723e00000, 0x0000000723e00000| Untracked 
|  14|0x0000000724000000, 0x0000000724000000, 0x0000000724200000|  0%| F|  |TAMS 0x0000000724000000, 0x0000000724000000| Untracked 
|  15|0x0000000724200000, 0x0000000724200000, 0x0000000724400000|  0%| F|  |TAMS 0x0000000724200000, 0x0000000724200000| Untracked 
|  16|0x0000000724400000, 0x0000000724400000, 0x0000000724600000|  0%| F|  |TAMS 0x0000000724400000, 0x0000000724400000| Untracked 
|  17|0x0000000724600000, 0x0000000724600000, 0x0000000724800000|  0%| F|  |TAMS 0x0000000724600000, 0x0000000724600000| Untracked 
|  18|0x0000000724800000, 0x0000000724800000, 0x0000000724a00000|  0%| F|  |TAMS 0x0000000724800000, 0x0000000724800000| Untracked 
|  19|0x0000000724a00000, 0x0000000724a00000, 0x0000000724c00000|  0%| F|  |TAMS 0x0000000724a00000, 0x0000000724a00000| Untracked 
|  20|0x0000000724c00000, 0x0000000724c00000, 0x0000000724e00000|  0%| F|  |TAMS 0x0000000724c00000, 0x0000000724c00000| Untracked 
|  21|0x0000000724e00000, 0x0000000724e00000, 0x0000000725000000|  0%| F|  |TAMS 0x0000000724e00000, 0x0000000724e00000| Untracked 
|  22|0x0000000725000000, 0x0000000725000000, 0x0000000725200000|  0%| F|  |TAMS 0x0000000725000000, 0x0000000725000000| Untracked 
|  23|0x0000000725200000, 0x0000000725200000, 0x0000000725400000|  0%| F|  |TAMS 0x0000000725200000, 0x0000000725200000| Untracked 
|  24|0x0000000725400000, 0x0000000725400000, 0x0000000725600000|  0%| F|  |TAMS 0x0000000725400000, 0x0000000725400000| Untracked 
|  25|0x0000000725600000, 0x0000000725600000, 0x0000000725800000|  0%| F|  |TAMS 0x0000000725600000, 0x0000000725600000| Untracked 
|  26|0x0000000725800000, 0x0000000725800000, 0x0000000725a00000|  0%| F|  |TAMS 0x0000000725800000, 0x0000000725800000| Untracked 
|  27|0x0000000725a00000, 0x0000000725a00000, 0x0000000725c00000|  0%| F|  |TAMS 0x0000000725a00000, 0x0000000725a00000| Untracked 
|  28|0x0000000725c00000, 0x0000000725c00000, 0x0000000725e00000|  0%| F|  |TAMS 0x0000000725c00000, 0x0000000725c00000| Untracked 
|  29|0x0000000725e00000, 0x0000000725e00000, 0x0000000726000000|  0%| F|  |TAMS 0x0000000725e00000, 0x0000000725e00000| Untracked 
|  30|0x0000000726000000, 0x0000000726000000, 0x0000000726200000|  0%| F|  |TAMS 0x0000000726000000, 0x0000000726000000| Untracked 
|  31|0x0000000726200000, 0x0000000726200000, 0x0000000726400000|  0%| F|  |TAMS 0x0000000726200000, 0x0000000726200000| Untracked 
|  32|0x0000000726400000, 0x0000000726400000, 0x0000000726600000|  0%| F|  |TAMS 0x0000000726400000, 0x0000000726400000| Untracked 
|  33|0x0000000726600000, 0x0000000726600000, 0x0000000726800000|  0%| F|  |TAMS 0x0000000726600000, 0x0000000726600000| Untracked 
|  34|0x0000000726800000, 0x0000000726800000, 0x0000000726a00000|  0%| F|  |TAMS 0x0000000726800000, 0x0000000726800000| Untracked 
|  35|0x0000000726a00000, 0x0000000726a00000, 0x0000000726c00000|  0%| F|  |TAMS 0x0000000726a00000, 0x0000000726a00000| Untracked 
|  36|0x0000000726c00000, 0x0000000726c00000, 0x0000000726e00000|  0%| F|  |TAMS 0x0000000726c00000, 0x0000000726c00000| Untracked 
|  37|0x0000000726e00000, 0x0000000726e00000, 0x0000000727000000|  0%| F|  |TAMS 0x0000000726e00000, 0x0000000726e00000| Untracked 
|  38|0x0000000727000000, 0x0000000727000000, 0x0000000727200000|  0%| F|  |TAMS 0x0000000727000000, 0x0000000727000000| Untracked 
|  39|0x0000000727200000, 0x0000000727200000, 0x0000000727400000|  0%| F|  |TAMS 0x0000000727200000, 0x0000000727200000| Untracked 
|  40|0x0000000727400000, 0x0000000727400000, 0x0000000727600000|  0%| F|  |TAMS 0x0000000727400000, 0x0000000727400000| Untracked 
|  41|0x0000000727600000, 0x0000000727600000, 0x0000000727800000|  0%| F|  |TAMS 0x0000000727600000, 0x0000000727600000| Untracked 
|  42|0x0000000727800000, 0x0000000727800000, 0x0000000727a00000|  0%| F|  |TAMS 0x0000000727800000, 0x0000000727800000| Untracked 
|  43|0x0000000727a00000, 0x0000000727a00000, 0x0000000727c00000|  0%| F|  |TAMS 0x0000000727a00000, 0x0000000727a00000| Untracked 
|  44|0x0000000727c00000, 0x0000000727c00000, 0x0000000727e00000|  0%| F|  |TAMS 0x0000000727c00000, 0x0000000727c00000| Untracked 
|  45|0x0000000727e00000, 0x0000000727e00000, 0x0000000728000000|  0%| F|  |TAMS 0x0000000727e00000, 0x0000000727e00000| Untracked 
|  46|0x0000000728000000, 0x0000000728000000, 0x0000000728200000|  0%| F|  |TAMS 0x0000000728000000, 0x0000000728000000| Untracked 
|  47|0x0000000728200000, 0x0000000728200000, 0x0000000728400000|  0%| F|  |TAMS 0x0000000728200000, 0x0000000728200000| Untracked 
|  48|0x0000000728400000, 0x0000000728400000, 0x0000000728600000|  0%| F|  |TAMS 0x0000000728400000, 0x0000000728400000| Untracked 
|  49|0x0000000728600000, 0x0000000728600000, 0x0000000728800000|  0%| F|  |TAMS 0x0000000728600000, 0x0000000728600000| Untracked 
|  50|0x0000000728800000, 0x0000000728800000, 0x0000000728a00000|  0%| F|  |TAMS 0x0000000728800000, 0x0000000728800000| Untracked 
|  51|0x0000000728a00000, 0x0000000728a00000, 0x0000000728c00000|  0%| F|  |TAMS 0x0000000728a00000, 0x0000000728a00000| Untracked 
|  52|0x0000000728c00000, 0x0000000728c00000, 0x0000000728e00000|  0%| F|  |TAMS 0x0000000728c00000, 0x0000000728c00000| Untracked 
|  53|0x0000000728e00000, 0x0000000728e00000, 0x0000000729000000|  0%| F|  |TAMS 0x0000000728e00000, 0x0000000728e00000| Untracked 
|  54|0x0000000729000000, 0x0000000729000000, 0x0000000729200000|  0%| F|  |TAMS 0x0000000729000000, 0x0000000729000000| Untracked 
|  55|0x0000000729200000, 0x0000000729200000, 0x0000000729400000|  0%| F|  |TAMS 0x0000000729200000, 0x0000000729200000| Untracked 
|  56|0x0000000729400000, 0x0000000729400000, 0x0000000729600000|  0%| F|  |TAMS 0x0000000729400000, 0x0000000729400000| Untracked 
|  57|0x0000000729600000, 0x0000000729600000, 0x0000000729800000|  0%| F|  |TAMS 0x0000000729600000, 0x0000000729600000| Untracked 
|  58|0x0000000729800000, 0x0000000729800000, 0x0000000729a00000|  0%| F|  |TAMS 0x0000000729800000, 0x0000000729800000| Untracked 
|  59|0x0000000729a00000, 0x0000000729a00000, 0x0000000729c00000|  0%| F|  |TAMS 0x0000000729a00000, 0x0000000729a00000| Untracked 
|  60|0x0000000729c00000, 0x0000000729c00000, 0x0000000729e00000|  0%| F|  |TAMS 0x0000000729c00000, 0x0000000729c00000| Untracked 
|  61|0x0000000729e00000, 0x0000000729e00000, 0x000000072a000000|  0%| F|  |TAMS 0x0000000729e00000, 0x0000000729e00000| Untracked 
|  62|0x000000072a000000, 0x000000072a000000, 0x000000072a200000|  0%| F|  |TAMS 0x000000072a000000, 0x000000072a000000| Untracked 
|  63|0x000000072a200000, 0x000000072a200000, 0x000000072a400000|  0%| F|  |TAMS 0x000000072a200000, 0x000000072a200000| Untracked 
|  64|0x000000072a400000, 0x000000072a400000, 0x000000072a600000|  0%| F|  |TAMS 0x000000072a400000, 0x000000072a400000| Untracked 
|  65|0x000000072a600000, 0x000000072a600000, 0x000000072a800000|  0%| F|  |TAMS 0x000000072a600000, 0x000000072a600000| Untracked 
|  66|0x000000072a800000, 0x000000072a800000, 0x000000072aa00000|  0%| F|  |TAMS 0x000000072a800000, 0x000000072a800000| Untracked 
|  67|0x000000072aa00000, 0x000000072aa00000, 0x000000072ac00000|  0%| F|  |TAMS 0x000000072aa00000, 0x000000072aa00000| Untracked 
|  68|0x000000072ac00000, 0x000000072ac00000, 0x000000072ae00000|  0%| F|  |TAMS 0x000000072ac00000, 0x000000072ac00000| Untracked 
|  69|0x000000072ae00000, 0x000000072ae00000, 0x000000072b000000|  0%| F|  |TAMS 0x000000072ae00000, 0x000000072ae00000| Untracked 
|  70|0x000000072b000000, 0x000000072b000000, 0x000000072b200000|  0%| F|  |TAMS 0x000000072b000000, 0x000000072b000000| Untracked 
|  71|0x000000072b200000, 0x000000072b200000, 0x000000072b400000|  0%| F|  |TAMS 0x000000072b200000, 0x000000072b200000| Untracked 
|  72|0x000000072b400000, 0x000000072b400000, 0x000000072b600000|  0%| F|  |TAMS 0x000000072b400000, 0x000000072b400000| Untracked 
|  73|0x000000072b600000, 0x000000072b600000, 0x000000072b800000|  0%| F|  |TAMS 0x000000072b600000, 0x000000072b600000| Untracked 
|  74|0x000000072b800000, 0x000000072b800000, 0x000000072ba00000|  0%| F|  |TAMS 0x000000072b800000, 0x000000072b800000| Untracked 
|  75|0x000000072ba00000, 0x000000072ba00000, 0x000000072bc00000|  0%| F|  |TAMS 0x000000072ba00000, 0x000000072ba00000| Untracked 
|  76|0x000000072bc00000, 0x000000072bc00000, 0x000000072be00000|  0%| F|  |TAMS 0x000000072bc00000, 0x000000072bc00000| Untracked 
|  77|0x000000072be00000, 0x000000072be00000, 0x000000072c000000|  0%| F|  |TAMS 0x000000072be00000, 0x000000072be00000| Untracked 
|  78|0x000000072c000000, 0x000000072c000000, 0x000000072c200000|  0%| F|  |TAMS 0x000000072c000000, 0x000000072c000000| Untracked 
|  79|0x000000072c200000, 0x000000072c200000, 0x000000072c400000|  0%| F|  |TAMS 0x000000072c200000, 0x000000072c200000| Untracked 
|  80|0x000000072c400000, 0x000000072c400000, 0x000000072c600000|  0%| F|  |TAMS 0x000000072c400000, 0x000000072c400000| Untracked 
|  81|0x000000072c600000, 0x000000072c600000, 0x000000072c800000|  0%| F|  |TAMS 0x000000072c600000, 0x000000072c600000| Untracked 
|  82|0x000000072c800000, 0x000000072c800000, 0x000000072ca00000|  0%| F|  |TAMS 0x000000072c800000, 0x000000072c800000| Untracked 
|  83|0x000000072ca00000, 0x000000072ca00000, 0x000000072cc00000|  0%| F|  |TAMS 0x000000072ca00000, 0x000000072ca00000| Untracked 
|  84|0x000000072cc00000, 0x000000072cc00000, 0x000000072ce00000|  0%| F|  |TAMS 0x000000072cc00000, 0x000000072cc00000| Untracked 
|  85|0x000000072ce00000, 0x000000072ce00000, 0x000000072d000000|  0%| F|  |TAMS 0x000000072ce00000, 0x000000072ce00000| Untracked 
|  86|0x000000072d000000, 0x000000072d000000, 0x000000072d200000|  0%| F|  |TAMS 0x000000072d000000, 0x000000072d000000| Untracked 
|  87|0x000000072d200000, 0x000000072d200000, 0x000000072d400000|  0%| F|  |TAMS 0x000000072d200000, 0x000000072d200000| Untracked 
|  88|0x000000072d400000, 0x000000072d400000, 0x000000072d600000|  0%| F|  |TAMS 0x000000072d400000, 0x000000072d400000| Untracked 
|  89|0x000000072d600000, 0x000000072d600000, 0x000000072d800000|  0%| F|  |TAMS 0x000000072d600000, 0x000000072d600000| Untracked 
|  90|0x000000072d800000, 0x000000072d800000, 0x000000072da00000|  0%| F|  |TAMS 0x000000072d800000, 0x000000072d800000| Untracked 
|  91|0x000000072da00000, 0x000000072da00000, 0x000000072dc00000|  0%| F|  |TAMS 0x000000072da00000, 0x000000072da00000| Untracked 
|  92|0x000000072dc00000, 0x000000072dd75140, 0x000000072de00000| 72%| S|CS|TAMS 0x000000072dc00000, 0x000000072dc00000| Complete 
|  93|0x000000072de00000, 0x000000072e000000, 0x000000072e000000|100%| S|CS|TAMS 0x000000072de00000, 0x000000072de00000| Complete 
|  94|0x000000072e000000, 0x000000072e000000, 0x000000072e200000|  0%| F|  |TAMS 0x000000072e000000, 0x000000072e000000| Untracked 
|  95|0x000000072e200000, 0x000000072e200000, 0x000000072e400000|  0%| F|  |TAMS 0x000000072e200000, 0x000000072e200000| Untracked 
|  96|0x000000072e400000, 0x000000072e400000, 0x000000072e600000|  0%| F|  |TAMS 0x000000072e400000, 0x000000072e400000| Untracked 
|  97|0x000000072e600000, 0x000000072e600000, 0x000000072e800000|  0%| F|  |TAMS 0x000000072e600000, 0x000000072e600000| Untracked 
|  98|0x000000072e800000, 0x000000072e800000, 0x000000072ea00000|  0%| F|  |TAMS 0x000000072e800000, 0x000000072e800000| Untracked 
|  99|0x000000072ea00000, 0x000000072ea00000, 0x000000072ec00000|  0%| F|  |TAMS 0x000000072ea00000, 0x000000072ea00000| Untracked 
| 100|0x000000072ec00000, 0x000000072ec00000, 0x000000072ee00000|  0%| F|  |TAMS 0x000000072ec00000, 0x000000072ec00000| Untracked 
| 101|0x000000072ee00000, 0x000000072ee00000, 0x000000072f000000|  0%| F|  |TAMS 0x000000072ee00000, 0x000000072ee00000| Untracked 
| 102|0x000000072f000000, 0x000000072f000000, 0x000000072f200000|  0%| F|  |TAMS 0x000000072f000000, 0x000000072f000000| Untracked 
| 103|0x000000072f200000, 0x000000072f200000, 0x000000072f400000|  0%| F|  |TAMS 0x000000072f200000, 0x000000072f200000| Untracked 
| 104|0x000000072f400000, 0x000000072f4daf90, 0x000000072f600000| 42%| E|  |TAMS 0x000000072f400000, 0x000000072f400000| Complete 
| 105|0x000000072f600000, 0x000000072f800000, 0x000000072f800000|100%| E|CS|TAMS 0x000000072f600000, 0x000000072f600000| Complete 
| 106|0x000000072f800000, 0x000000072fa00000, 0x000000072fa00000|100%| E|CS|TAMS 0x000000072f800000, 0x000000072f800000| Complete 
| 107|0x000000072fa00000, 0x000000072fc00000, 0x000000072fc00000|100%| E|CS|TAMS 0x000000072fa00000, 0x000000072fa00000| Complete 
| 108|0x000000072fc00000, 0x000000072fe00000, 0x000000072fe00000|100%| E|CS|TAMS 0x000000072fc00000, 0x000000072fc00000| Complete 
| 109|0x000000072fe00000, 0x0000000730000000, 0x0000000730000000|100%| E|CS|TAMS 0x000000072fe00000, 0x000000072fe00000| Complete 
| 110|0x0000000730000000, 0x0000000730200000, 0x0000000730200000|100%| E|CS|TAMS 0x0000000730000000, 0x0000000730000000| Complete 

Card table byte_map: [0x0000028776f10000,0x0000028777600000] _byte_map_base: 0x00000287735fe000

Marking Bits (Prev, Next): (CMBitMap*) 0x000002876eabfb60, (CMBitMap*) 0x000002876eabfba0
 Prev Bits: [0x0000028777cf0000, 0x000002877b460000)
 Next Bits: [0x000002877b460000, 0x000002877ebd0000)

Polling page: 0x000002876c8b0000

Metaspace:

Usage:
  Non-class:     12.95 MB used.
      Class:      2.20 MB used.
       Both:     15.16 MB used.

Virtual space:
  Non-class space:       16.00 MB reserved,      13.12 MB ( 82%) committed,  2 nodes.
      Class space:        1.00 GB reserved,       2.31 MB ( <1%) committed,  1 nodes.
             Both:        1.02 GB reserved,      15.44 MB (  1%) committed. 

Chunk freelists:
   Non-Class:  2.67 MB
       Class:  1.57 MB
        Both:  4.25 MB

MaxMetaspaceSize: unlimited
CompressedClassSpaceSize: 1.00 GB
Initial GC threshold: 21.00 MB
Current GC threshold: 21.00 MB
CDS: on
MetaspaceReclaimPolicy: balanced
 - commit_granule_bytes: 65536.
 - commit_granule_words: 8192.
 - virtual_space_node_default_size: 1048576.
 - enlarge_chunks_in_place: 1.
 - new_chunks_are_fully_committed: 0.
 - uncommit_free_chunks: 1.
 - use_allocation_guard: 0.
 - handle_deallocations: 1.


Internal statistics:

num_allocs_failed_limit: 0.
num_arena_births: 206.
num_arena_deaths: 0.
num_vsnodes_births: 3.
num_vsnodes_deaths: 0.
num_space_committed: 247.
num_space_uncommitted: 0.
num_chunks_returned_to_freelist: 0.
num_chunks_taken_from_freelist: 726.
num_chunk_merges: 0.
num_chunk_splits: 501.
num_chunks_enlarged: 390.
num_purges: 0.
num_inconsistent_stats: 0.

CodeHeap 'non-profiled nmethods': size=120000Kb used=1060Kb max_used=1060Kb free=118939Kb
 bounds [0x0000028707ad0000, 0x0000028707d40000, 0x000002870f000000]
CodeHeap 'profiled nmethods': size=120000Kb used=5759Kb max_used=5759Kb free=114240Kb
 bounds [0x00000287005a0000, 0x0000028700b40000, 0x0000028707ad0000]
CodeHeap 'non-nmethods': size=5760Kb used=1416Kb max_used=1445Kb free=4343Kb
 bounds [0x0000028700000000, 0x0000028700270000, 0x00000287005a0000]
 total_blobs=3747 nmethods=2975 adapters=684
 compilation: enabled
              stopped_count=0, restarted_count=0
 full_count=0

Compilation events (20 events):
Event: 15.301 Thread 0x000002877f844cc0 nmethod 2967 0x0000028700b3d390 code [0x0000028700b3d540, 0x0000028700b3d6e8]
Event: 15.305 Thread 0x000002877f844cc0 2968       3       com.sun.glass.ui.View::checkNotClosed (20 bytes)
Event: 15.306 Thread 0x000002877f844cc0 nmethod 2968 0x0000028700b3d790 code [0x0000028700b3d940, 0x0000028700b3db88]
Event: 15.309 Thread 0x000002877f844cc0 2969       3       com.sun.javafx.collections.VetoableListDecorator$ModCountAccessorImpl::get (8 bytes)
Event: 15.309 Thread 0x000002877f844cc0 nmethod 2969 0x0000028700b3dc90 code [0x0000028700b3de20, 0x0000028700b3df38]
Event: 15.310 Thread 0x000002877f844cc0 2970       3       com.sun.javafx.collections.VetoableListDecorator$VetoableIteratorDecorator::checkForComodification (25 bytes)
Event: 15.310 Thread 0x000002877f844cc0 nmethod 2970 0x0000028700b3e010 code [0x0000028700b3e1c0, 0x0000028700b3e4a8]
Event: 16.350 Thread 0x000002877f844cc0 2971       3       com.sun.javafx.collections.VetoableListDecorator$VetoableIteratorDecorator::hasNext (14 bytes)
Event: 16.351 Thread 0x000002877f844cc0 nmethod 2971 0x0000028700b3e610 code [0x0000028700b3e7e0, 0x0000028700b3ebf8]
Event: 16.358 Thread 0x000002877f844cc0 2972       3       javafx.scene.Node::getViewOrder (19 bytes)
Event: 16.359 Thread 0x000002877f844cc0 nmethod 2972 0x0000028700b3ee10 code [0x0000028700b3efe0, 0x0000028700b3f488]
Event: 16.390 Thread 0x000002877f844cc0 2973       3       com.sun.javafx.collections.VetoableListDecorator$VetoableIteratorDecorator::next (31 bytes)
Event: 16.391 Thread 0x000002877f844cc0 nmethod 2973 0x0000028700b3f610 code [0x0000028700b3f7e0, 0x0000028700b3fc18]
Event: 86.477 Thread 0x000002877f83c300 2974       4       com.sun.javafx.tk.quantum.QuantumToolkit::postPulse (133 bytes)
Event: 86.479 Thread 0x000002877f83c300 nmethod 2974 0x0000028707bd7d90 code [0x0000028707bd7f40, 0x0000028707bd8198]
Event: 87.421 Thread 0x000002877f83c300 2975       4       com.sun.javafx.tk.quantum.QuantumToolkit$$Lambda$97/0x0000000800c38a70::run (8 bytes)
Event: 87.423 Thread 0x000002877f83c300 nmethod 2975 0x0000028707bd8510 code [0x0000028707bd86e0, 0x0000028707bd89a8]
Event: 114.783 Thread 0x000002877f83c300 2976       4       java.util.concurrent.ConcurrentHashMap$BaseIterator::hasNext (13 bytes)
Event: 114.783 Thread 0x000002877f83c300 nmethod 2976 0x0000028707bd8d90 code [0x0000028707bd8f00, 0x0000028707bd8f98]
Event: 114.783 Thread 0x000002877f844cc0 2977       3       com.sun.javafx.font.FontStrikeDesc::hashCode (68 bytes)

GC Heap History (4 events):
Event: 1.449 GC heap before
{Heap before GC invocations=0 (full 0):
 garbage-first heap   total 227328K, used 22528K [0x0000000722400000, 0x0000000800000000)
  region size 2048K, 11 young (22528K), 0 survivors (0K)
 Metaspace       used 5594K, committed 5760K, reserved 1056768K
  class space    used 673K, committed 768K, reserved 1048576K
}
Event: 1.451 GC heap after
{Heap after GC invocations=1 (full 0):
 garbage-first heap   total 227328K, used 4149K [0x0000000722400000, 0x0000000800000000)
  region size 2048K, 2 young (4096K), 2 survivors (4096K)
 Metaspace       used 5594K, committed 5760K, reserved 1056768K
  class space    used 673K, committed 768K, reserved 1048576K
}
Event: 1.862 GC heap before
{Heap before GC invocations=1 (full 0):
 garbage-first heap   total 227328K, used 34869K [0x0000000722400000, 0x0000000800000000)
  region size 2048K, 17 young (34816K), 2 survivors (4096K)
 Metaspace       used 13674K, committed 13888K, reserved 1064960K
  class space    used 2141K, committed 2240K, reserved 1048576K
}
Event: 1.868 GC heap after
{Heap after GC invocations=2 (full 0):
 garbage-first heap   total 227328K, used 7614K [0x0000000722400000, 0x0000000800000000)
  region size 2048K, 2 young (4096K), 2 survivors (4096K)
 Metaspace       used 13674K, committed 13888K, reserved 1064960K
  class space    used 2141K, committed 2240K, reserved 1048576K
}

Deoptimization events (20 events):
Event: 4.582 Thread 0x0000028712878de0 Uncommon trap: trap_request=0xffffff45 fr.pc=0x0000028707ade048 relative=0x0000000000000048
Event: 4.582 Thread 0x0000028712878de0 Uncommon trap: reason=unstable_if action=reinterpret pc=0x0000028707ade048 method=java.lang.CharacterData.of(I)Ljava/lang/CharacterData; @ 4 c2
Event: 4.582 Thread 0x0000028712878de0 DEOPT PACKING pc=0x0000028707ade048 sp=0x000000a7a56fb920
Event: 4.582 Thread 0x0000028712878de0 DEOPT UNPACKING pc=0x00000287000523a3 sp=0x000000a7a56fb8c0 mode 2
Event: 4.584 Thread 0x0000028712878de0 Uncommon trap: trap_request=0xffffff45 fr.pc=0x0000028707b14c58 relative=0x0000000000000158
Event: 4.584 Thread 0x0000028712878de0 Uncommon trap: reason=unstable_if action=reinterpret pc=0x0000028707b14c58 method=java.lang.String.indexOf(II)I @ 4 c2
Event: 4.584 Thread 0x0000028712878de0 DEOPT PACKING pc=0x0000028707b14c58 sp=0x000000a7a56fc030
Event: 4.584 Thread 0x0000028712878de0 DEOPT UNPACKING pc=0x00000287000523a3 sp=0x000000a7a56fbf60 mode 2
Event: 9.102 Thread 0x0000028711ffaed0 DEOPT PACKING pc=0x0000028700977889 sp=0x000000a7a52fe120
Event: 9.102 Thread 0x0000028711ffaed0 DEOPT UNPACKING pc=0x0000028700052b43 sp=0x000000a7a52fd570 mode 0
Event: 10.862 Thread 0x0000028711ffaed0 DEOPT PACKING pc=0x000002870099942b sp=0x000000a7a52fe2b0
Event: 10.862 Thread 0x0000028711ffaed0 DEOPT UNPACKING pc=0x0000028700052b43 sp=0x000000a7a52fd718 mode 0
Event: 12.548 Thread 0x0000028712878de0 Uncommon trap: trap_request=0xffffff45 fr.pc=0x0000028707b16c34 relative=0x0000000000000414
Event: 12.548 Thread 0x0000028712878de0 Uncommon trap: reason=unstable_if action=reinterpret pc=0x0000028707b16c34 method=java.lang.StringLatin1.canEncode(I)Z @ 4 c2
Event: 12.548 Thread 0x0000028712878de0 DEOPT PACKING pc=0x0000028707b16c34 sp=0x000000a7a56fa570
Event: 12.548 Thread 0x0000028712878de0 DEOPT UNPACKING pc=0x00000287000523a3 sp=0x000000a7a56fa498 mode 2
Event: 12.646 Thread 0x0000028712878de0 Uncommon trap: trap_request=0xffffff45 fr.pc=0x0000028707b162a4 relative=0x0000000000000404
Event: 12.646 Thread 0x0000028712878de0 Uncommon trap: reason=unstable_if action=reinterpret pc=0x0000028707b162a4 method=java.lang.StringLatin1.canEncode(I)Z @ 4 c2
Event: 12.646 Thread 0x0000028712878de0 DEOPT PACKING pc=0x0000028707b162a4 sp=0x000000a7a56fa580
Event: 12.646 Thread 0x0000028712878de0 DEOPT UNPACKING pc=0x00000287000523a3 sp=0x000000a7a56fa500 mode 2

Classes unloaded (0 events):
No events

Classes redefined (0 events):
No events

Internal exceptions (20 events):
Event: 1.537 Thread 0x0000028712878de0 Exception <a 'java/lang/NoSuchMethodError'{0x000000072f610f98}: 'void java.lang.invoke.DirectMethodHandle$Holder.invokeStaticInit(java.lang.Object, java.lang.Object)'> (0x000000072f610f98) 
thrown [t:\workspace\open\src\hotspot\share\interpreter\linkResolver.cpp, line 766]
Event: 1.545 Thread 0x0000028712878de0 Exception <a 'java/lang/NoSuchMethodError'{0x000000072f6971e0}: 'void java.lang.invoke.DirectMethodHandle$Holder.invokeSpecial(java.lang.Object, java.lang.Object, java.lang.Object, java.lang.Object, java.lang.Object)'> (0x000000072f6971e0) 
thrown [t:\workspace\open\src\hotspot\share\interpreter\linkResolver.cpp, line 766]
Event: 1.602 Thread 0x0000028712878de0 Implicit null exception at 0x0000028707b152d8 to 0x0000028707b1536e
Event: 1.624 Thread 0x0000028712878de0 Implicit null exception at 0x0000028707b2cd0f to 0x0000028707b2d0f8
Event: 1.624 Thread 0x0000028712878de0 Implicit null exception at 0x0000028707b2a494 to 0x0000028707b2a870
Event: 1.699 Thread 0x0000028712878de0 Exception <a 'java/lang/ClassNotFoundException'{0x000000072ec563b8}: com/sun/javafx/scene/control/skin/resources/controls> (0x000000072ec563b8) 
thrown [t:\workspace\open\src\hotspot\share\prims\jni.cpp, line 535]
Event: 1.699 Thread 0x0000028712878de0 Exception <a 'java/lang/ClassNotFoundException'{0x000000072ec64a38}: com/sun/javafx/scene/control/skin/resources/controls_uk> (0x000000072ec64a38) 
thrown [t:\workspace\open\src\hotspot\share\prims\jni.cpp, line 535]
Event: 1.700 Thread 0x0000028712878de0 Exception <a 'java/lang/ClassNotFoundException'{0x000000072ec66040}: com/sun/javafx/scene/control/skin/resources/controls_uk_UA> (0x000000072ec66040) 
thrown [t:\workspace\open\src\hotspot\share\prims\jni.cpp, line 535]
Event: 1.723 Thread 0x0000028712878de0 Exception <a 'java/lang/NoSuchMethodError'{0x000000072e628110}: 'void java.lang.invoke.DirectMethodHandle$Holder.invokeSpecial(java.lang.Object, java.lang.Object, java.lang.Object, java.lang.Object, java.lang.Object, java.lang.Object)'> (0x000000072e628110) 
thrown [t:\workspace\open\src\hotspot\share\interpreter\linkResolver.cpp, line 766]
Event: 1.725 Thread 0x0000028712878de0 Exception <a 'java/lang/NoSuchMethodError'{0x000000072e64bbf0}: 'java.lang.Object java.lang.invoke.DirectMethodHandle$Holder.invokeInterface(java.lang.Object, java.lang.Object, java.lang.Object)'> (0x000000072e64bbf0) 
thrown [t:\workspace\open\src\hotspot\share\interpreter\linkResolver.cpp, line 766]
Event: 1.725 Thread 0x0000028712878de0 Exception <a 'java/lang/IncompatibleClassChangeError'{0x000000072e64f578}: Found class java.lang.Object, but interface was expected> (0x000000072e64f578) 
thrown [t:\workspace\open\src\hotspot\share\interpreter\linkResolver.cpp, line 833]
Event: 1.798 Thread 0x0000028712878de0 Exception <a 'java/lang/NoSuchMethodError'{0x000000072e337368}: 'java.lang.Object java.lang.invoke.DirectMethodHandle$Holder.newInvokeSpecial(java.lang.Object, java.lang.Object, int)'> (0x000000072e337368) 
thrown [t:\workspace\open\src\hotspot\share\interpreter\linkResolver.cpp, line 766]
Event: 1.836 Thread 0x0000028711ffaed0 Exception <a 'java/lang/NoSuchMethodError'{0x000000072e0768f0}: 'int java.lang.invoke.DirectMethodHandle$Holder.invokeStaticInit(java.lang.Object, java.lang.Object)'> (0x000000072e0768f0) 
thrown [t:\workspace\open\src\hotspot\share\interpreter\linkResolver.cpp, line 766]
Event: 1.838 Thread 0x0000028712878de0 Exception <a 'java/lang/NoSuchMethodError'{0x000000072e019768}: 'long java.lang.invoke.DirectMethodHandle$Holder.invokeStatic(java.lang.Object, java.lang.Object, java.lang.Object)'> (0x000000072e019768) 
thrown [t:\workspace\open\src\hotspot\share\interpreter\linkResolver.cpp, line 766]
Event: 1.838 Thread 0x0000028712878de0 Exception <a 'java/lang/NoSuchMethodError'{0x000000072e01cf10}: 'long java.lang.invoke.DirectMethodHandle$Holder.invokeStaticInit(java.lang.Object, java.lang.Object, java.lang.Object)'> (0x000000072e01cf10) 
thrown [t:\workspace\open\src\hotspot\share\interpreter\linkResolver.cpp, line 766]
Event: 1.840 Thread 0x0000028712878de0 Exception <a 'java/lang/NoSuchMethodError'{0x000000072e034b10}: 'java.lang.Object java.lang.invoke.DirectMethodHandle$Holder.newInvokeSpecial(java.lang.Object, java.lang.Object, long)'> (0x000000072e034b10) 
thrown [t:\workspace\open\src\hotspot\share\interpreter\linkResolver.cpp, line 766]
Event: 1.840 Thread 0x0000028712878de0 Exception <a 'java/lang/NoSuchMethodError'{0x000000072e038680}: 'java.lang.Object java.lang.invoke.Invokers$Holder.linkToTargetMethod(java.lang.Object, long, java.lang.Object)'> (0x000000072e038680) 
thrown [t:\workspace\open\src\hotspot\share\interpreter\linkResolver.cpp, line 766]
Event: 14.688 Thread 0x0000028712878de0 Exception <a 'java/lang/NoSuchMethodError'{0x000000072f94f070}: 'java.lang.Object java.lang.invoke.DirectMethodHandle$Holder.newInvokeSpecial(java.lang.Object, java.lang.Object, int, int, int, int, int, java.lang.Object)'> (0x000000072f94f070) 
thrown [t:\workspace\open\src\hotspot\share\interpreter\linkResolver.cpp, line 766]
Event: 14.689 Thread 0x0000028712878de0 Exception <a 'java/lang/NoSuchMethodError'{0x000000072f962598}: 'java.lang.Object java.lang.invoke.DirectMethodHandle$Holder.newInvokeSpecial(java.lang.Object, java.lang.Object, java.lang.Object, int, int, int, int, int)'> (0x000000072f962598) 
thrown [t:\workspace\open\src\hotspot\share\interpreter\linkResolver.cpp, line 766]
Event: 14.689 Thread 0x0000028712878de0 Exception <a 'java/lang/NoSuchMethodError'{0x000000072f96a348}: 'java.lang.Object java.lang.invoke.Invokers$Holder.linkToTargetMethod(java.lang.Object, java.lang.Object, int, int, int, int, int, java.lang.Object)'> (0x000000072f96a348) 
thrown [t:\workspace\open\src\hotspot\share\interpreter\linkResolver.cpp, line 766]

VM Operations (20 events):
Event: 4.566 Executing VM operation: ICBufferFull done
Event: 4.583 Executing VM operation: HandshakeAllThreads
Event: 4.583 Executing VM operation: HandshakeAllThreads done
Event: 5.584 Executing VM operation: Cleanup
Event: 5.584 Executing VM operation: Cleanup done
Event: 7.584 Executing VM operation: Cleanup
Event: 7.584 Executing VM operation: Cleanup done
Event: 8.584 Executing VM operation: Cleanup
Event: 8.584 Executing VM operation: Cleanup done
Event: 9.585 Executing VM operation: Cleanup
Event: 9.585 Executing VM operation: Cleanup done
Event: 11.586 Executing VM operation: Cleanup
Event: 11.586 Executing VM operation: Cleanup done
Event: 12.586 Executing VM operation: Cleanup
Event: 12.586 Executing VM operation: Cleanup done
Event: 13.586 Executing VM operation: Cleanup
Event: 13.587 Executing VM operation: Cleanup done
Event: 15.587 Executing VM operation: Cleanup
Event: 15.587 Executing VM operation: Cleanup done
Event: 114.784 Executing VM operation: Exit

Events (20 events):
Event: 4.542 loading class jdk/internal/reflect/BootstrapConstructorAccessorImpl
Event: 4.542 loading class jdk/internal/reflect/BootstrapConstructorAccessorImpl done
Event: 4.550 loading class java/io/StringReader
Event: 4.550 loading class java/io/StringReader done
Event: 4.550 loading class java/io/PushbackReader
Event: 4.550 loading class java/io/FilterReader
Event: 4.550 loading class java/io/FilterReader done
Event: 4.550 loading class java/io/PushbackReader done
Event: 15.264 loading class java/lang/Throwable$WrappedPrintStream
Event: 15.264 loading class java/lang/Throwable$PrintStreamOrWriter
Event: 15.264 loading class java/lang/Throwable$PrintStreamOrWriter done
Event: 15.264 loading class java/lang/Throwable$WrappedPrintStream done
Event: 114.782 loading class jdk/internal/misc/Signal$1
Event: 114.782 loading class jdk/internal/misc/Signal$1 done
Event: 114.782 Thread 0x0000028712de4340 Thread added: 0x0000028712de4340
Event: 114.782 Thread 0x0000028712de34d0 Thread added: 0x0000028712de34d0
Event: 114.782 Thread 0x0000028712de2190 Thread added: 0x0000028712de2190
Event: 114.783 Thread 0x0000028712de2190 Thread exited: 0x0000028712de2190
Event: 114.783 Thread 0x0000028712de34d0 Thread exited: 0x0000028712de34d0
Event: 114.784 Thread 0x000002877f832450 Thread exited: 0x000002877f832450


Dynamic libraries:
0x00007ff72c0d0000 - 0x00007ff72c0e0000 	C:\Program Files\Java\jdk-17.0.3.1\bin\java.exe
0x00007ff80e690000 - 0x00007ff80e888000 	C:\Windows\SYSTEM32\ntdll.dll
0x00007fffd7550000 - 0x00007fffd7569000 	C:\Program Files\Avast Software\Avast\aswhook.dll
0x00007ff80d710000 - 0x00007ff80d7cd000 	C:\Windows\System32\KERNEL32.DLL
0x00007ff80c190000 - 0x00007ff80c486000 	C:\Windows\System32\KERNELBASE.dll
0x00007ff80c090000 - 0x00007ff80c190000 	C:\Windows\System32\ucrtbase.dll
0x00007fffdaa00000 - 0x00007fffdaa1a000 	C:\Program Files\Java\jdk-17.0.3.1\bin\VCRUNTIME140.dll
0x00007fffdaaf0000 - 0x00007fffdab08000 	C:\Program Files\Java\jdk-17.0.3.1\bin\jli.dll
0x00007ff80c960000 - 0x00007ff80ca13000 	C:\Windows\System32\ADVAPI32.dll
0x00007ff80c720000 - 0x00007ff80c7be000 	C:\Windows\System32\msvcrt.dll
0x00007ff80cb10000 - 0x00007ff80cbaf000 	C:\Windows\System32\sechost.dll
0x00007ff80db40000 - 0x00007ff80dc66000 	C:\Windows\System32\RPCRT4.dll
0x00007ff80c6b0000 - 0x00007ff80c6d7000 	C:\Windows\System32\bcrypt.dll
0x00007ff80c7c0000 - 0x00007ff80c95e000 	C:\Windows\System32\USER32.dll
0x00007ff80bd60000 - 0x00007ff80bd82000 	C:\Windows\System32\win32u.dll
0x00007ffff9f80000 - 0x00007ffffa21a000 	C:\Windows\WinSxS\amd64_microsoft.windows.common-controls_6595b64144ccf1df_6.0.19041.3636_none_60b6a03d71f818d5\COMCTL32.dll
0x00007ff80c6f0000 - 0x00007ff80c71c000 	C:\Windows\System32\GDI32.dll
0x00007ff80c490000 - 0x00007ff80c5aa000 	C:\Windows\System32\gdi32full.dll
0x00007ff80bff0000 - 0x00007ff80c08d000 	C:\Windows\System32\msvcp_win.dll
0x00007ff801660000 - 0x00007ff80166a000 	C:\Windows\SYSTEM32\VERSION.dll
0x00007ff80d080000 - 0x00007ff80d0b0000 	C:\Windows\System32\IMM32.DLL
0x00007ffff3de0000 - 0x00007ffff3dec000 	C:\Program Files\Java\jdk-17.0.3.1\bin\vcruntime140_1.dll
0x00007fffd2a20000 - 0x00007fffd2aad000 	C:\Program Files\Java\jdk-17.0.3.1\bin\msvcp140.dll
0x00007fff8d4f0000 - 0x00007fff8e0b0000 	C:\Program Files\Java\jdk-17.0.3.1\bin\server\jvm.dll
0x00007ff80c6e0000 - 0x00007ff80c6e8000 	C:\Windows\System32\PSAPI.DLL
0x00007ffff2fe0000 - 0x00007ffff2fe9000 	C:\Windows\SYSTEM32\WSOCK32.dll
0x00007ff801630000 - 0x00007ff801657000 	C:\Windows\SYSTEM32\WINMM.dll
0x00007ff80d510000 - 0x00007ff80d57b000 	C:\Windows\System32\WS2_32.dll
0x00007ff80a560000 - 0x00007ff80a572000 	C:\Windows\SYSTEM32\kernel.appcore.dll
0x00007fffedda0000 - 0x00007fffeddaa000 	C:\Program Files\Java\jdk-17.0.3.1\bin\jimage.dll
0x00007ff80a330000 - 0x00007ff80a514000 	C:\Windows\SYSTEM32\DBGHELP.DLL
0x00007ffff8f80000 - 0x00007ffff8fb4000 	C:\Windows\SYSTEM32\dbgcore.DLL
0x00007ff80bd90000 - 0x00007ff80be12000 	C:\Windows\System32\bcryptPrimitives.dll
0x00007fffed230000 - 0x00007fffed23e000 	C:\Program Files\Java\jdk-17.0.3.1\bin\instrument.dll
0x00007fffd3480000 - 0x00007fffd34a5000 	C:\Program Files\Java\jdk-17.0.3.1\bin\java.dll
0x00007fffd2940000 - 0x00007fffd2a16000 	C:\Program Files\Java\jdk-17.0.3.1\bin\jsvml.dll
0x00007ff80dd40000 - 0x00007ff80e485000 	C:\Windows\System32\SHELL32.dll
0x00007ff809ac0000 - 0x00007ff80a25b000 	C:\Windows\SYSTEM32\windows.storage.dll
0x00007ff80d7d0000 - 0x00007ff80db24000 	C:\Windows\System32\combase.dll
0x00007ff80b640000 - 0x00007ff80b66d000 	C:\Windows\SYSTEM32\Wldp.dll
0x00007ff80e5a0000 - 0x00007ff80e64d000 	C:\Windows\System32\SHCORE.dll
0x00007ff80cbb0000 - 0x00007ff80cc05000 	C:\Windows\System32\shlwapi.dll
0x00007ff80bc90000 - 0x00007ff80bcb5000 	C:\Windows\SYSTEM32\profapi.dll
0x00007fffda9e0000 - 0x00007fffda9f9000 	C:\Program Files\Java\jdk-17.0.3.1\bin\net.dll
0x00007ff8033d0000 - 0x00007ff8034da000 	C:\Windows\SYSTEM32\WINHTTP.dll
0x00007ff80b420000 - 0x00007ff80b48a000 	C:\Windows\system32\mswsock.dll
0x00007fffda820000 - 0x00007fffda836000 	C:\Program Files\Java\jdk-17.0.3.1\bin\nio.dll
0x00007fffd2920000 - 0x00007fffd2938000 	C:\Program Files\Java\jdk-17.0.3.1\bin\zip.dll
0x00007fffd2900000 - 0x00007fffd291a000 	C:\Program Files\JetBrains\IntelliJ IDEA 2023.2.5\bin\breakgen64.dll
0x000002876ca70000 - 0x000002876ca74000 	C:\Program Files\javafx\javafx-sdk-21.0.1\bin\api-ms-win-core-console-l1-1-0.dll
0x000002876e9e0000 - 0x000002876e9e4000 	C:\Program Files\javafx\javafx-sdk-21.0.1\bin\api-ms-win-core-console-l1-2-0.dll
0x000002876e9f0000 - 0x000002876e9f4000 	C:\Program Files\javafx\javafx-sdk-21.0.1\bin\api-ms-win-core-datetime-l1-1-0.dll
0x000002876ea00000 - 0x000002876ea04000 	C:\Program Files\javafx\javafx-sdk-21.0.1\bin\api-ms-win-core-debug-l1-1-0.dll
0x000002876ea10000 - 0x000002876ea14000 	C:\Program Files\javafx\javafx-sdk-21.0.1\bin\api-ms-win-core-errorhandling-l1-1-0.dll
0x000002876ea20000 - 0x000002876ea25000 	C:\Program Files\javafx\javafx-sdk-21.0.1\bin\api-ms-win-core-file-l1-1-0.dll
0x000002877fd70000 - 0x000002877fd74000 	C:\Program Files\javafx\javafx-sdk-21.0.1\bin\api-ms-win-core-file-l1-2-0.dll
0x000002877fd80000 - 0x000002877fd84000 	C:\Program Files\javafx\javafx-sdk-21.0.1\bin\api-ms-win-core-file-l2-1-0.dll
0x000002877fd90000 - 0x000002877fd94000 	C:\Program Files\javafx\javafx-sdk-21.0.1\bin\api-ms-win-core-handle-l1-1-0.dll
0x000002877fec0000 - 0x000002877fec4000 	C:\Program Files\javafx\javafx-sdk-21.0.1\bin\api-ms-win-core-heap-l1-1-0.dll
0x000002877fda0000 - 0x000002877fda4000 	C:\Program Files\javafx\javafx-sdk-21.0.1\bin\api-ms-win-core-interlocked-l1-1-0.dll
0x000002877fdb0000 - 0x000002877fdb4000 	C:\Program Files\javafx\javafx-sdk-21.0.1\bin\api-ms-win-core-libraryloader-l1-1-0.dll
0x000002877fdc0000 - 0x000002877fdc4000 	C:\Program Files\javafx\javafx-sdk-21.0.1\bin\api-ms-win-core-localization-l1-2-0.dll
0x000002877fdd0000 - 0x000002877fdd4000 	C:\Program Files\javafx\javafx-sdk-21.0.1\bin\api-ms-win-core-memory-l1-1-0.dll
0x000002877fde0000 - 0x000002877fde4000 	C:\Program Files\javafx\javafx-sdk-21.0.1\bin\api-ms-win-core-namedpipe-l1-1-0.dll
0x000002877fdf0000 - 0x000002877fdf4000 	C:\Program Files\javafx\javafx-sdk-21.0.1\bin\api-ms-win-core-processenvironment-l1-1-0.dll
0x000002877fe00000 - 0x000002877fe04000 	C:\Program Files\javafx\javafx-sdk-21.0.1\bin\api-ms-win-core-processthreads-l1-1-0.dll
0x000002877fe10000 - 0x000002877fe14000 	C:\Program Files\javafx\javafx-sdk-21.0.1\bin\api-ms-win-core-processthreads-l1-1-1.dll
0x000002877fe20000 - 0x000002877fe24000 	C:\Program Files\javafx\javafx-sdk-21.0.1\bin\api-ms-win-core-profile-l1-1-0.dll
0x000002877fe30000 - 0x000002877fe34000 	C:\Program Files\javafx\javafx-sdk-21.0.1\bin\api-ms-win-core-rtlsupport-l1-1-0.dll
0x000002877fe40000 - 0x000002877fe44000 	C:\Program Files\javafx\javafx-sdk-21.0.1\bin\api-ms-win-core-string-l1-1-0.dll
0x000002877fe50000 - 0x000002877fe54000 	C:\Program Files\javafx\javafx-sdk-21.0.1\bin\api-ms-win-core-synch-l1-1-0.dll
0x000002877fe60000 - 0x000002877fe64000 	C:\Program Files\javafx\javafx-sdk-21.0.1\bin\api-ms-win-core-synch-l1-2-0.dll
0x000002877fe70000 - 0x000002877fe74000 	C:\Program Files\javafx\javafx-sdk-21.0.1\bin\api-ms-win-core-sysinfo-l1-1-0.dll
0x000002877fe80000 - 0x000002877fe84000 	C:\Program Files\javafx\javafx-sdk-21.0.1\bin\api-ms-win-core-timezone-l1-1-0.dll
0x000002877fe90000 - 0x000002877fe94000 	C:\Program Files\javafx\javafx-sdk-21.0.1\bin\api-ms-win-core-util-l1-1-0.dll
0x000002877fea0000 - 0x000002877fea4000 	C:\Program Files\javafx\javafx-sdk-21.0.1\bin\api-ms-win-crt-conio-l1-1-0.dll
0x000002877feb0000 - 0x000002877feb5000 	C:\Program Files\javafx\javafx-sdk-21.0.1\bin\api-ms-win-crt-convert-l1-1-0.dll
0x000002877fed0000 - 0x000002877fed4000 	C:\Program Files\javafx\javafx-sdk-21.0.1\bin\api-ms-win-crt-environment-l1-1-0.dll
0x000002877fee0000 - 0x000002877fee4000 	C:\Program Files\javafx\javafx-sdk-21.0.1\bin\api-ms-win-crt-filesystem-l1-1-0.dll
0x000002877fef0000 - 0x000002877fef4000 	C:\Program Files\javafx\javafx-sdk-21.0.1\bin\api-ms-win-crt-heap-l1-1-0.dll
0x000002877ff00000 - 0x000002877ff04000 	C:\Program Files\javafx\javafx-sdk-21.0.1\bin\api-ms-win-crt-locale-l1-1-0.dll
0x000002877ff10000 - 0x000002877ff16000 	C:\Program Files\javafx\javafx-sdk-21.0.1\bin\api-ms-win-crt-math-l1-1-0.dll
0x000002877ff20000 - 0x000002877ff26000 	C:\Program Files\javafx\javafx-sdk-21.0.1\bin\api-ms-win-crt-multibyte-l1-1-0.dll
0x000002877ff30000 - 0x000002877ff41000 	C:\Program Files\javafx\javafx-sdk-21.0.1\bin\api-ms-win-crt-private-l1-1-0.dll
0x000002877ff50000 - 0x000002877ff54000 	C:\Program Files\javafx\javafx-sdk-21.0.1\bin\api-ms-win-crt-process-l1-1-0.dll
0x000002877ff60000 - 0x000002877ff65000 	C:\Program Files\javafx\javafx-sdk-21.0.1\bin\api-ms-win-crt-runtime-l1-1-0.dll
0x000002877ff70000 - 0x000002877ff75000 	C:\Program Files\javafx\javafx-sdk-21.0.1\bin\api-ms-win-crt-stdio-l1-1-0.dll
0x000002877ff80000 - 0x000002877ff85000 	C:\Program Files\javafx\javafx-sdk-21.0.1\bin\api-ms-win-crt-string-l1-1-0.dll
0x000002877ff90000 - 0x000002877ff94000 	C:\Program Files\javafx\javafx-sdk-21.0.1\bin\api-ms-win-crt-time-l1-1-0.dll
0x000002877ffa0000 - 0x000002877ffa4000 	C:\Program Files\javafx\javafx-sdk-21.0.1\bin\api-ms-win-crt-utility-l1-1-0.dll
0x00007fffd2570000 - 0x00007fffd2681000 	C:\Program Files\javafx\javafx-sdk-21.0.1\bin\ucrtbase.dll
0x00007fffd2550000 - 0x00007fffd256b000 	C:\Program Files\javafx\javafx-sdk-21.0.1\bin\vcruntime140.dll
0x00007fffec490000 - 0x00007fffec49c000 	C:\Program Files\javafx\javafx-sdk-21.0.1\bin\vcruntime140_1.dll
0x00007fffcca90000 - 0x00007fffccb1e000 	C:\Program Files\javafx\javafx-sdk-21.0.1\bin\msvcp140.dll
0x00007ff80d5e0000 - 0x00007ff80d70b000 	C:\Windows\System32\ole32.dll
0x00007fffda500000 - 0x00007fffda509000 	C:\Program Files\javafx\javafx-sdk-21.0.1\bin\msvcp140_1.dll
0x00007fffccbe0000 - 0x00007fffccc0f000 	C:\Program Files\javafx\javafx-sdk-21.0.1\bin\msvcp140_2.dll
0x00007fffcc170000 - 0x00007fffcc19f000 	C:\Program Files\javafx\javafx-sdk-21.0.1\bin\prism_d3d.dll
0x00007fffda330000 - 0x00007fffda4fd000 	C:\Windows\system32\d3d9.dll
0x00007ff8095f0000 - 0x00007ff80961f000 	C:\Windows\SYSTEM32\dwmapi.dll
0x00007ff809410000 - 0x00007ff8094ae000 	C:\Windows\system32\uxtheme.dll
0x00007ff80b8b0000 - 0x00007ff80b8c2000 	C:\Windows\SYSTEM32\msasn1.dll
0x00007ff800800000 - 0x00007ff800831000 	C:\Windows\SYSTEM32\cryptnet.dll
0x00007ff80be90000 - 0x00007ff80bfed000 	C:\Windows\System32\CRYPT32.dll
0x00007ff80b5b0000 - 0x00007ff80b5bc000 	C:\Windows\SYSTEM32\cryptbase.dll
0x00007ff80be20000 - 0x00007ff80be87000 	C:\Windows\System32\wintrust.dll
0x00007ff80d230000 - 0x00007ff80d24d000 	C:\Windows\System32\imagehlp.dll
0x00007ff80b680000 - 0x00007ff80b698000 	C:\Windows\SYSTEM32\CRYPTSP.dll
0x00007ff80ad70000 - 0x00007ff80ada4000 	C:\Windows\system32\rsaenh.dll
0x00007fffcc120000 - 0x00007fffcc162000 	C:\Program Files\javafx\javafx-sdk-21.0.1\bin\glass.dll
0x00007ff80ca20000 - 0x00007ff80cafa000 	C:\Windows\System32\COMDLG32.dll
0x00007ff80dc70000 - 0x00007ff80dd3d000 	C:\Windows\System32\OLEAUT32.dll
0x00007ff80d110000 - 0x00007ff80d224000 	C:\Windows\System32\MSCTF.dll
0x00007fffcab20000 - 0x00007fffcabdc000 	C:\Windows\System32\DriverStore\FileRepository\nvlt.inf_amd64_e251f9aa505cc24f\nvldumdx.dll
0x00007ff8006b0000 - 0x00007ff8007f8000 	C:\Windows\SYSTEM32\drvstore.dll
0x00007ff80ba80000 - 0x00007ff80bab3000 	C:\Windows\SYSTEM32\devobj.dll
0x00007ff80c5b0000 - 0x00007ff80c5fe000 	C:\Windows\System32\cfgmgr32.dll
0x00007fff854e0000 - 0x00007fff8866b000 	C:\Windows\System32\DriverStore\FileRepository\nvlt.inf_amd64_e251f9aa505cc24f\nvd3dumx.dll
0x00007fffc39f0000 - 0x00007fffc3cc1000 	C:\Windows\system32\nvspcap64.dll
0x00007ff80ae90000 - 0x00007ff80aec3000 	C:\Windows\SYSTEM32\ntmarta.dll
0x00007ff80a580000 - 0x00007ff80a5a3000 	C:\Windows\SYSTEM32\gpapi.dll
0x00007ff802bd0000 - 0x00007ff802c0b000 	C:\Windows\SYSTEM32\dxcore.dll
0x00007ff801270000 - 0x00007ff80142b000 	C:\Windows\System32\DriverStore\FileRepository\u0385026.inf_amd64_7c43f959e6ea9e43\B384873\aticfx64.dll
0x00007fffb99f0000 - 0x00007fffb9a24000 	C:\Windows\System32\DriverStore\FileRepository\u0385026.inf_amd64_7c43f959e6ea9e43\B384873\atiu9p64.dll
0x00007fffa7160000 - 0x00007fffa7eb5000 	C:\Windows\System32\DriverStore\FileRepository\u0385026.inf_amd64_7c43f959e6ea9e43\B384873\atiumd64.dll
0x000000005edf0000 - 0x000000005fd17000 	C:\Windows\System32\DriverStore\FileRepository\u0385026.inf_amd64_7c43f959e6ea9e43\B384873\atiumd6a.dll
0x00007ff80cc10000 - 0x00007ff80d07e000 	C:\Windows\System32\SETUPAPI.dll
0x00007ff80bbc0000 - 0x00007ff80bc0b000 	C:\Windows\SYSTEM32\POWRPROF.dll

dbghelp: loaded successfully - version: 4.0.5 - missing functions: none
symbol engine: initialized successfully - sym options: 0x614 - pdb path: .;C:\Program Files\Java\jdk-17.0.3.1\bin;C:\Windows\SYSTEM32;C:\Program Files\Avast Software\Avast;C:\Windows\WinSxS\amd64_microsoft.windows.common-controls_6595b64144ccf1df_6.0.19041.3636_none_60b6a03d71f818d5;C:\Program Files\Java\jdk-17.0.3.1\bin\server;C:\Program Files\JetBrains\IntelliJ IDEA 2023.2.5\bin;C:\Program Files\javafx\javafx-sdk-21.0.1\bin;C:\Windows\System32\DriverStore\FileRepository\nvlt.inf_amd64_e251f9aa505cc24f;C:\Windows\System32\DriverStore\FileRepository\u0385026.inf_amd64_7c43f959e6ea9e43\B384873;C:\Program Files\Common Files\Microsoft Shared\Ink

VM Arguments:
jvm_args: --module-path=C:\Program Files\javafx\javafx-sdk-21.0.1\lib --add-modules=javafx.controls,javafx.fxml -javaagent:C:\Program Files\JetBrains\IntelliJ IDEA 2023.2.5\lib\idea_rt.jar=49922:C:\Program Files\JetBrains\IntelliJ IDEA 2023.2.5\bin -Dfile.encoding=UTF-8 
java_command: com.example.registrationwindow.Main
java_class_path (initial): C:\Users\user\IdeaProjects\registrationWindow\target\classes;C:\Users\user\.m2\repository\org\openjfx\javafx-controls\17.0.6\javafx-controls-17.0.6.jar;C:\Users\user\.m2\repository\org\openjfx\javafx-controls\17.0.6\javafx-controls-17.0.6-win.jar;C:\Users\user\.m2\repository\org\openjfx\javafx-graphics\17.0.6\javafx-graphics-17.0.6.jar;C:\Users\user\.m2\repository\org\openjfx\javafx-graphics\17.0.6\javafx-graphics-17.0.6-win.jar;C:\Users\user\.m2\repository\org\openjfx\javafx-base\17.0.6\javafx-base-17.0.6.jar;C:\Users\user\.m2\repository\org\openjfx\javafx-base\17.0.6\javafx-base-17.0.6-win.jar;C:\Users\user\.m2\repository\org\openjfx\javafx-fxml\17.0.6\javafx-fxml-17.0.6.jar;C:\Users\user\.m2\repository\org\openjfx\javafx-fxml\17.0.6\javafx-fxml-17.0.6-win.jar;C:\Users\user\.m2\repository\org\controlsfx\controlsfx\11.1.2\controlsfx-11.1.2.jar;C:\Users\user\Downloads\openjdk-21.0.1_windows-x64_bin.zip;C:\Program Files\javafx\javafx-sdk-21.0.1\lib\javafx-swt.jar;C:\Program Files\javafx\javafx-sdk-21.0.1\lib\javafx.web.jar;C:\Program Files\javafx\javafx-sdk-21.0.1\lib\javafx.base.jar;C:\Program Files\javafx\javafx-sdk-21.0.1\lib\javafx.fxml.jar;C:\Program Files\javafx\javafx-sdk-21.0.1\lib\javafx.media.jar;C:\Program Files\javafx\javafx-sdk-21.0.1\lib\javafx.swing.jar;C:\Program Files\javafx\javafx-sdk-21.0.1\lib\javafx.controls.jar;C:\Program Files\javafx\javafx-sdk-21.0.1\lib\javafx.graphics.jar
Launcher Type: SUN_STANDARD

[Global flags]
     intx CICompilerCount                          = 4                                         {product} {ergonomic}
     uint ConcGCThreads                            = 3                                         {product} {ergonomic}
     uint G1ConcRefinementThreads                  = 10                                        {product} {ergonomic}
   size_t G1HeapRegionSize                         = 2097152                                   {product} {ergonomic}
    uintx GCDrainStackTargetSize                   = 64                                        {product} {ergonomic}
   size_t InitialHeapSize                          = 232783872                                 {product} {ergonomic}
   size_t MarkStackSize                            = 4194304                                   {product} {ergonomic}
   size_t MaxHeapSize                              = 3720347648                                {product} {ergonomic}
   size_t MaxNewSize                               = 2231369728                                {product} {ergonomic}
   size_t MinHeapDeltaBytes                        = 2097152                                   {product} {ergonomic}
   size_t MinHeapSize                              = 8388608                                   {product} {ergonomic}
    uintx NonNMethodCodeHeapSize                   = 5839372                                {pd product} {ergonomic}
    uintx NonProfiledCodeHeapSize                  = 122909434                              {pd product} {ergonomic}
    uintx ProfiledCodeHeapSize                     = 122909434                              {pd product} {ergonomic}
    uintx ReservedCodeCacheSize                    = 251658240                              {pd product} {ergonomic}
     bool SegmentedCodeCache                       = true                                      {product} {ergonomic}
   size_t SoftMaxHeapSize                          = 3720347648                             {manageable} {ergonomic}
     bool UseCompressedClassPointers               = true                           {product lp64_product} {ergonomic}
     bool UseCompressedOops                        = true                           {product lp64_product} {ergonomic}
     bool UseG1GC                                  = true                                      {product} {ergonomic}
     bool UseLargePagesIndividualAllocation        = false                                  {pd product} {ergonomic}

Logging:
Log output configuration:
 #0: stdout all=off uptime,level,tags
 #1: stderr all=off uptime,level,tags

Environment Variables:
PATH=C:\Program Files\Eclipse Adoptium\jdk-8.0.392.8-hotspot\bin;C:\Program Files\Common Files\Oracle\Java\javapath;C:\ProgramData\Oracle\Java\javapath;C:\Windows\system32;C:\Windows;C:\Windows\System32\Wbem;C:\Windows\System32\WindowsPowerShell\v1.0\;C:\Windows\System32\OpenSSH\;C:\Program Files\NVIDIA Corporation\NVIDIA NvDLISR;C:\Program Files\Common Files\Autodesk Shared\;C:\Program Files\Microsoft SQL Server\120\Tools\Binn\;C:\Program Files\dotnet\;C:\Program Files\Microsoft SQL Server\150\Tools\Binn\;C:\Program Files\Microsoft SQL Server\Client SDK\ODBC\170\Tools\Binn\;C:\Games\putty\;C:\Program Files\Git\cmd;C:\Users\user\AppData\Local\Microsoft\WindowsApps;C:\Users\user\.dotnet\tools;C:\Users\user\AppData\Local\Programs\Microsoft VS Code\bin;C:\Program Files\JetBrains\IntelliJ IDEA 2023.2.5\bin;
USERNAME=user
OS=Windows_NT
PROCESSOR_IDENTIFIER=AMD64 Family 25 Model 80 Stepping 0, AuthenticAMD



---------------  S Y S T E M  ---------------

OS:
 Windows 10 , 64 bit Build 19041 (10.0.19041.3636)
OS uptime: 0 days 11:41 hours
Hyper-V role detected

CPU: total 12 (initial active 12) (12 cores per cpu, 2 threads per core) family 25 model 80 stepping 0 microcode 0x0, cx8, cmov, fxsr, ht, mmx, 3dnowpref, sse, sse2, sse3, ssse3, sse4a, sse4.1, sse4.2, popcnt, lzcnt, tsc, tscinvbit, avx, avx2, aes, erms, clmul, bmi1, bmi2, adx, sha, fma, vzeroupper, clflush, clflushopt, hv

Memory: 4k page, system-wide physical 14188M (4909M free)
TotalPageFile size 18028M (AvailPageFile size 4071M)
current process WorkingSet (physical memory assigned to process): 143M, peak: 152M
current process commit charge ("private bytes"): 395M, peak: 405M

vm_info: Java HotSpot(TM) 64-Bit Server VM (17.0.3.1+2-LTS-6) for windows-amd64 JRE (17.0.3.1+2-LTS-6), built on Apr 25 2022 22:04:21 by "mach5one" with MS VC++ 16.8 / 16.9 (VS2019)

END.
