#
# A fatal error has been detected by the Java Runtime Environment:
#
#  EXCEPTION_ACCESS_VIOLATION (0xc0000005) at pc=0x00007fffcae76587, pid=14984, tid=14304
#
# JRE version: Java(TM) SE Runtime Environment (17.0.3.1+2) (build 17.0.3.1+2-LTS-6)
# Java VM: Java HotSpot(TM) 64-Bit Server VM (17.0.3.1+2-LTS-6, mixed mode, sharing, tiered, compressed oops, compressed class ptrs, g1 gc, windows-amd64)
# Problematic frame:
# C  [glass.dll+0x26587]
#
# No core dump will be written. Minidumps are not enabled by default on client versions of Windows
#
# If you would like to submit a bug report, please visit:
#   https://bugreport.java.com/bugreport/crash.jsp
#

---------------  S U M M A R Y ------------

Command Line: --module-path=C:\Program Files\javafx\javafx-sdk-21.0.1\lib --add-modules=javafx.controls,javafx.fxml -javaagent:C:\Program Files\JetBrains\IntelliJ IDEA 2023.2.5\lib\idea_rt.jar=49997:C:\Program Files\JetBrains\IntelliJ IDEA 2023.2.5\bin -Dfile.encoding=UTF-8 com.example.registrationwindow.Main

Host: AMD Ryzen 5 5600H with Radeon Graphics         , 12 cores, 13G,  Windows 10 , 64 bit Build 19041 (10.0.19041.3636)
Time: Wed Jan 17 09:41:54 2024  Windows 10 , 64 bit Build 19041 (10.0.19041.3636) elapsed time: 37.509728 seconds (0d 0h 0m 37s)

---------------  T H R E A D  ---------------

Current thread (0x000001f103b59400):  VMThread "VM Thread" [stack: 0x00000031d5d00000,0x00000031d5e00000] [id=14304]

Stack: [0x00000031d5d00000,0x00000031d5e00000],  sp=0x00000031d5dff000,  free space=1020k
Native frames: (J=compiled Java code, j=interpreted, Vv=VM code, C=native code)
C  [glass.dll+0x26587]


siginfo: EXCEPTION_ACCESS_VIOLATION (0xc0000005), reading address 0x0000000000000000


Register to memory mapping:

RIP=0x00007fffcae76587 glass.dll
RAX=0x0 is NULL
RBX=0x000001f103b68478 is a global jni handle
RCX=0x000001f103b59400 points into unknown readable memory: 0x00007fff8de6e950 | 50 e9 e6 8d ff 7f 00 00
RDX=0x00000031d5dff000 points into unknown readable memory: 0x0000000000000000 | 00 00 00 00 00 00 00 00
RSP=0x00000031d5dff000 points into unknown readable memory: 0x0000000000000000 | 00 00 00 00 00 00 00 00
RBP=0x000001f104b67e68 points into unknown readable memory: 0x00003225591cb35e | 5e b3 1c 59 25 32 00 00
RSI=0x000001f104b67e40 points into unknown readable memory: 0xf2b9fc5f591caca1 | a1 ac 1c 59 5f fc b9 f2
RDI=0x00003225591cb35e is an unknown value
R8 =0x0000000000010002 is an unknown value
R9 =0x00003225591cb35e is an unknown value
R10=0x0000000000008000 is an unknown value
R11=0x00000031d5dfef90 points into unknown readable memory: 0x000001f104b67e40 | 40 7e b6 04 f1 01 00 00
R12=0x00007fffcae73ed0 glass.dll
R13=0x00007fff8e014990 jvm.dll
R14=0x00000031d5dff0f8 points into unknown readable memory: 0x00000031d5dff0e0 | e0 f0 df d5 31 00 00 00
R15=0x000001f104b67e40 points into unknown readable memory: 0xf2b9fc5f591caca1 | a1 ac 1c 59 5f fc b9 f2


Registers:
RAX=0x0000000000000000, RBX=0x000001f103b68478, RCX=0x000001f103b59400, RDX=0x00000031d5dff000
RSP=0x00000031d5dff000, RBP=0x000001f104b67e68, RSI=0x000001f104b67e40, RDI=0x00003225591cb35e
R8 =0x0000000000010002, R9 =0x00003225591cb35e, R10=0x0000000000008000, R11=0x00000031d5dfef90
R12=0x00007fffcae73ed0, R13=0x00007fff8e014990, R14=0x00000031d5dff0f8, R15=0x000001f104b67e40
RIP=0x00007fffcae76587, EFLAGS=0x0000000000010202

Top of Stack: (sp=0x00000031d5dff000)
0x00000031d5dff000:   0000000000000000 000001f104b67e40
0x00000031d5dff010:   00007fff8e014990 00007fffcae73ed0
0x00000031d5dff020:   000001f104b67e48 00007ff80c0a42d6
0x00000031d5dff030:   00003225591cb35e 000001f100000000
0x00000031d5dff040:   000001f104b67e68 000001f104b67e40
0x00000031d5dff050:   fffffffffffffffe 0000000000000000
0x00000031d5dff060:   0000000000000001 00007fffcae50000
0x00000031d5dff070:   00000031d5dff0e8 00007ff80c0a41fb
0x00000031d5dff080:   0000000000000000 00000031d5dff0f8
0x00000031d5dff090:   00000031d5dff3d0 00007ff80c180e40
0x00000031d5dff0a0:   0000000000000001 00007ff80c0a41b4
0x00000031d5dff0b0:   0000000000000000 0000000000000001
0x00000031d5dff0c0:   0000000000000001 00000031d5dff0e8
0x00000031d5dff0d0:   0000000000000000 00007fffcae73d5d
0x00000031d5dff0e0:   00007fffcae8a008 00007fff00000002
0x00000031d5dff0f0:   0000000000000002 00000031d5dff0e0 

Instructions: (pc=0x00007fffcae76587)
0x00007fffcae76487:   8b 4d 58 e8 8d cf ff ff 48 8b 4d 60 e8 84 cf ff
0x00007fffcae76497:   ff 48 8b 95 80 00 00 00 48 8b 8d 18 01 00 00 e8
0x00007fffcae764a7:   76 c4 ff ff 33 d2 33 c9 e8 cc e1 ff ff 90 48 89
0x00007fffcae764b7:   54 24 10 55 48 83 ec 20 48 8b ea 48 b8 00 00 00
0x00007fffcae764c7:   00 00 00 00 00 48 83 c4 20 5d c3 cc 40 55 48 8b
0x00007fffcae764d7:   ea 48 8b 01 33 c9 81 38 05 00 00 c0 0f 94 c1 8b
0x00007fffcae764e7:   c1 5d c3 cc 40 55 48 83 ec 20 48 8b ea 8a 4d 40
0x00007fffcae764f7:   48 83 c4 20 5d e9 73 d3 ff ff cc 40 55 48 83 ec
0x00007fffcae76507:   20 48 8b ea 8a 4d 20 e8 61 d3 ff ff 90 48 83 c4
0x00007fffcae76517:   20 5d c3 cc 40 55 48 83 ec 20 48 8b ea 48 83 c4
0x00007fffcae76527:   20 5d e9 c2 d1 ff ff cc 40 55 48 83 ec 30 48 8b
0x00007fffcae76537:   ea 48 8b 01 8b 10 48 89 4c 24 28 89 54 24 20 4c
0x00007fffcae76547:   8d 0d 63 d6 ff ff 4c 8b 45 70 8b 55 68 48 8b 4d
0x00007fffcae76557:   60 e8 03 d1 ff ff 90 48 83 c4 30 5d c3 cc cc cc
0x00007fffcae76567:   cc cc cc cc cc cc cc cc cc 40 53 48 83 ec 20 48
0x00007fffcae76577:   8b 1d 8b 34 01 00 48 85 db 74 16 e8 89 8f ff ff
0x00007fffcae76587:   4c 8b 00 48 8b d3 48 8b c8 41 ff 90 b0 00 00 00
0x00007fffcae76597:   90 48 83 c4 20 5b c3 cc cc 40 53 48 83 ec 20 48
0x00007fffcae765a7:   8b 1d fb 35 01 00 48 85 db 74 57 b8 ff ff ff ff
0x00007fffcae765b7:   f0 0f c1 43 10 83 f8 01 75 3d 48 85 db 74 38 48
0x00007fffcae765c7:   8b 0b 48 85 c9 74 0d ff 15 d4 0c 00 00 48 c7 03
0x00007fffcae765d7:   00 00 00 00 48 8b 4b 08 48 85 c9 74 0d e8 33 ce
0x00007fffcae765e7:   ff ff 48 c7 43 08 00 00 00 00 ba 18 00 00 00 48
0x00007fffcae765f7:   8b cb e8 1e ce ff ff 48 c7 05 9f 35 01 00 00 00
0x00007fffcae76607:   00 00 48 83 c4 20 5b c3 cc 40 53 48 83 ec 20 48
0x00007fffcae76617:   8b 1d 6b 35 01 00 48 85 db 74 57 b8 ff ff ff ff
0x00007fffcae76627:   f0 0f c1 43 10 83 f8 01 75 3d 48 85 db 74 38 48
0x00007fffcae76637:   8b 0b 48 85 c9 74 0d ff 15 64 0c 00 00 48 c7 03
0x00007fffcae76647:   00 00 00 00 48 8b 4b 08 48 85 c9 74 0d e8 c3 cd
0x00007fffcae76657:   ff ff 48 c7 43 08 00 00 00 00 ba 18 00 00 00 48
0x00007fffcae76667:   8b cb e8 ae cd ff ff 48 c7 05 0f 35 01 00 00 00
0x00007fffcae76677:   00 00 48 83 c4 20 5b c3 cc 40 53 48 83 ec 20 48 


Stack slot to memory mapping:
stack at sp + 0 slots: 0x0 is NULL
stack at sp + 1 slots: 0x000001f104b67e40 points into unknown readable memory: 0xf2b9fc5f591caca1 | a1 ac 1c 59 5f fc b9 f2
stack at sp + 2 slots: 0x00007fff8e014990 jvm.dll
stack at sp + 3 slots: 0x00007fffcae73ed0 glass.dll
stack at sp + 4 slots: 0x000001f104b67e48 points into unknown readable memory: 0x00003225591cb35e | 5e b3 1c 59 25 32 00 00
stack at sp + 5 slots: 0x00007ff80c0a42d6 ucrtbase.dll
stack at sp + 6 slots: 0x00003225591cb35e is an unknown value
stack at sp + 7 slots: 0x000001f100000000 points into unknown readable memory: 0x000012400a488801 | 01 88 48 0a 40 12 00 00

VM_Operation (0x00000031d70fee20): Exit, mode: safepoint, requested by thread 0x000001f10f4c1150


---------------  P R O C E S S  ---------------

Threads class SMR info:
_java_thread_list=0x000001f105bc4750, length=21, elements={
0x000001f161d1c2a0, 0x000001f103b5f7d0, 0x000001f103b60550, 0x000001f103b731c0,
0x000001f103b75a90, 0x000001f103b76350, 0x000001f103b7a440, 0x000001f103b82e00,
0x000001f103b8e2e0, 0x000001f103b49e10, 0x000001f104cc4670, 0x000001f104c7a350,
0x000001f1049335c0, 0x000001f104b65f90, 0x000001f104d242b0, 0x000001f1059ccc50,
0x000001f1059fbc50, 0x000001f104d87da0, 0x000001f10f4bfe10, 0x000001f10f4c0c80,
0x000001f10f4c1150
}

Java Threads: ( => current thread )
  0x000001f161d1c2a0 JavaThread "main" [_thread_blocked, id=15396, stack(0x00000031d5700000,0x00000031d5800000)]
  0x000001f103b5f7d0 JavaThread "Reference Handler" daemon [_thread_blocked, id=2460, stack(0x00000031d5e00000,0x00000031d5f00000)]
  0x000001f103b60550 JavaThread "Finalizer" daemon [_thread_blocked, id=12280, stack(0x00000031d5f00000,0x00000031d6000000)]
  0x000001f103b731c0 JavaThread "Attach Listener" daemon [_thread_blocked, id=5068, stack(0x00000031d6100000,0x00000031d6200000)]
  0x000001f103b75a90 JavaThread "Service Thread" daemon [_thread_blocked, id=8412, stack(0x00000031d6200000,0x00000031d6300000)]
  0x000001f103b76350 JavaThread "Monitor Deflation Thread" daemon [_thread_blocked, id=19392, stack(0x00000031d6300000,0x00000031d6400000)]
  0x000001f103b7a440 JavaThread "C2 CompilerThread0" daemon [_thread_blocked, id=11508, stack(0x00000031d6400000,0x00000031d6500000)]
  0x000001f103b82e00 JavaThread "C1 CompilerThread0" daemon [_thread_blocked, id=16208, stack(0x00000031d6500000,0x00000031d6600000)]
  0x000001f103b8e2e0 JavaThread "Sweeper thread" daemon [_thread_blocked, id=19384, stack(0x00000031d6600000,0x00000031d6700000)]
  0x000001f103b49e10 JavaThread "Common-Cleaner" daemon [_thread_blocked, id=15940, stack(0x00000031d6700000,0x00000031d6800000)]
  0x000001f104cc4670 JavaThread "Monitor Ctrl-Break" daemon [_thread_in_native, id=956, stack(0x00000031d6a00000,0x00000031d6b00000)]
  0x000001f104c7a350 JavaThread "Notification Thread" daemon [_thread_blocked, id=19160, stack(0x00000031d6b00000,0x00000031d6c00000)]
  0x000001f1049335c0 JavaThread "QuantumRenderer-0" daemon [_thread_blocked, id=12008, stack(0x00000031d6d00000,0x00000031d6e00000)]
  0x000001f104b65f90 JavaThread "InvokeLaterDispatcher" daemon [_thread_blocked, id=14668, stack(0x00000031d6900000,0x00000031d6a00000)]
  0x000001f104d242b0 JavaThread "JavaFX Application Thread" [_thread_in_native, id=3612, stack(0x00000031d7100000,0x00000031d7200000)]
  0x000001f1059ccc50 JavaThread "JavaFX-Launcher" [_thread_blocked, id=19196, stack(0x00000031d7a00000,0x00000031d7b00000)]
  0x000001f1059fbc50 JavaThread "Thread-2" daemon [_thread_in_native, id=988, stack(0x00000031d7900000,0x00000031d7a00000)]
  0x000001f104d87da0 JavaThread "Prism Font Disposer" daemon [_thread_blocked, id=4896, stack(0x00000031d8300000,0x00000031d8400000)]
  0x000001f10f4bfe10 JavaThread "Cleaner-0" daemon [_thread_blocked, id=5920, stack(0x00000031d8760000,0x00000031d8860000)]
  0x000001f10f4c0c80 JavaThread "mysql-cj-abandoned-connection-cleanup" daemon [_thread_blocked, id=13672, stack(0x00000031d8a70000,0x00000031d8b70000)]
  0x000001f10f4c1150 JavaThread "SIGINT handler" daemon [_thread_blocked, id=5004, stack(0x00000031d7000000,0x00000031d7100000)]

Other Threads:
=>0x000001f103b59400 VMThread "VM Thread" [stack: 0x00000031d5d00000,0x00000031d5e00000] [id=14304]
  0x000001f161d7fb50 GCTaskThread "GC Thread#0" [stack: 0x00000031d5800000,0x00000031d5900000] [id=18728]
  0x000001f104eb6d90 GCTaskThread "GC Thread#1" [stack: 0x00000031d7b00000,0x00000031d7c00000] [id=3932]
  0x000001f104eb62d0 GCTaskThread "GC Thread#2" [stack: 0x00000031d7c00000,0x00000031d7d00000] [id=1668]
  0x000001f104eb5d70 GCTaskThread "GC Thread#3" [stack: 0x00000031d7d00000,0x00000031d7e00000] [id=16912]
  0x000001f104eb6580 GCTaskThread "GC Thread#4" [stack: 0x00000031d7e00000,0x00000031d7f00000] [id=11428]
  0x000001f104eb6ae0 GCTaskThread "GC Thread#5" [stack: 0x00000031d7f00000,0x00000031d8000000] [id=13460]
  0x000001f104eb72f0 GCTaskThread "GC Thread#6" [stack: 0x00000031d8000000,0x00000031d8100000] [id=14492]
  0x000001f104eb6830 GCTaskThread "GC Thread#7" [stack: 0x00000031d8460000,0x00000031d8560000] [id=13904]
  0x000001f10f4bd6b0 GCTaskThread "GC Thread#8" [stack: 0x00000031d8560000,0x00000031d8660000] [id=1912]
  0x000001f10f4bcbf0 GCTaskThread "GC Thread#9" [stack: 0x00000031d8660000,0x00000031d8760000] [id=19260]
  0x000001f161d8e920 ConcurrentGCThread "G1 Main Marker" terminated
  0x000001f161d8fad0 ConcurrentGCThread "G1 Conc#0" [stack: 0x00000031d5a00000,0x00000031d5b00000] [id=4744]
  0x000001f10f4bc690 ConcurrentGCThread "G1 Conc#1" [stack: 0x00000031d8c70000,0x00000031d8d70000] [id=17520]
  0x000001f10f4be170 ConcurrentGCThread "G1 Conc#2" [stack: 0x00000031d8d70000,0x00000031d8e70000] [id=4056]
  0x000001f103a134d0 ConcurrentGCThread "G1 Refine#0" terminated
  0x000001f161dee490 ConcurrentGCThread "G1 Service" terminated

Threads with active compile tasks:

VM state: at safepoint (shutting down)

VM Mutex/Monitor currently owned by a thread:  ([mutex/lock_event])
[0x000001f161d179f0] Threads_lock - owner thread: 0x000001f103b59400
[0x000001f161d17720] Heap_lock - owner thread: 0x000001f10f4c1150

Heap address: 0x0000000722400000, size: 3548 MB, Compressed Oops mode: Zero based, Oop shift amount: 3

CDS archive(s) mapped at: [0x0000000800000000-0x0000000800bc0000-0x0000000800bc0000), size 12320768, SharedBaseAddress: 0x0000000800000000, ArchiveRelocationMode: 0.
Compressed class space mapped at: 0x0000000800c00000-0x0000000840c00000, reserved size: 1073741824
Narrow klass base: 0x0000000800000000, Narrow klass shift: 0, Narrow klass range: 0x100000000

GC Precious Log:
 CPUs: 12 total, 12 available
 Memory: 14188M
 Large Page Support: Disabled
 NUMA Support: Disabled
 Compressed Oops: Enabled (Zero based)
 Heap Region Size: 2M
 Heap Min Capacity: 8M
 Heap Initial Capacity: 222M
 Heap Max Capacity: 3548M
 Pre-touch: Disabled
 Parallel Workers: 10
 Concurrent Workers: 3
 Concurrent Refinement Workers: 10
 Periodic GC: Disabled

Heap:
 garbage-first heap   total 55296K, used 21080K [0x0000000722400000, 0x0000000800000000)
  region size 2048K, 9 young (18432K), 4 survivors (8192K)
 Metaspace       used 23231K, committed 23488K, reserved 1073152K
  class space    used 3152K, committed 3328K, reserved 1048576K

Heap Regions: E=young(eden), S=young(survivor), O=old, HS=humongous(starts), HC=humongous(continues), CS=collection set, F=free, OA=open archive, CA=closed archive, TAMS=top-at-mark-start (previous, next)
|   0|0x0000000722400000, 0x0000000722600000, 0x0000000722600000|100%| O|  |TAMS 0x0000000722600000, 0x0000000722400000| Untracked 
|   1|0x0000000722600000, 0x00000007227d4a00, 0x0000000722800000| 91%| O|  |TAMS 0x00000007227d4a00, 0x0000000722600000| Untracked 
|   2|0x0000000722800000, 0x0000000722a00000, 0x0000000722a00000|100%|HS|  |TAMS 0x0000000722a00000, 0x0000000722800000| Complete 
|   3|0x0000000722a00000, 0x0000000722a00000, 0x0000000722c00000|  0%| F|  |TAMS 0x0000000722a00000, 0x0000000722a00000| Untracked 
|   4|0x0000000722c00000, 0x0000000722c00000, 0x0000000722e00000|  0%| F|  |TAMS 0x0000000722c00000, 0x0000000722c00000| Untracked 
|   5|0x0000000722e00000, 0x0000000722e00000, 0x0000000723000000|  0%| F|  |TAMS 0x0000000722e00000, 0x0000000722e00000| Untracked 
|   6|0x0000000723000000, 0x0000000723000000, 0x0000000723200000|  0%| F|  |TAMS 0x0000000723000000, 0x0000000723000000| Untracked 
|   7|0x0000000723200000, 0x0000000723200000, 0x0000000723400000|  0%| F|  |TAMS 0x0000000723200000, 0x0000000723200000| Untracked 
|   8|0x0000000723400000, 0x0000000723400000, 0x0000000723600000|  0%| F|  |TAMS 0x0000000723400000, 0x0000000723400000| Untracked 
|   9|0x0000000723600000, 0x0000000723600000, 0x0000000723800000|  0%| F|  |TAMS 0x0000000723600000, 0x0000000723600000| Untracked 
|  10|0x0000000723800000, 0x0000000723800000, 0x0000000723a00000|  0%| F|  |TAMS 0x0000000723800000, 0x0000000723800000| Untracked 
|  11|0x0000000723a00000, 0x0000000723a00000, 0x0000000723c00000|  0%| F|  |TAMS 0x0000000723a00000, 0x0000000723a00000| Untracked 
|  12|0x0000000723c00000, 0x0000000723c00000, 0x0000000723e00000|  0%| F|  |TAMS 0x0000000723c00000, 0x0000000723c00000| Untracked 
|  13|0x0000000723e00000, 0x0000000723e00000, 0x0000000724000000|  0%| F|  |TAMS 0x0000000723e00000, 0x0000000723e00000| Untracked 
|  14|0x0000000724000000, 0x0000000724000000, 0x0000000724200000|  0%| F|  |TAMS 0x0000000724000000, 0x0000000724000000| Untracked 
|  15|0x0000000724200000, 0x0000000724200000, 0x0000000724400000|  0%| F|  |TAMS 0x0000000724200000, 0x0000000724200000| Untracked 
|  16|0x0000000724400000, 0x0000000724400000, 0x0000000724600000|  0%| F|  |TAMS 0x0000000724400000, 0x0000000724400000| Untracked 
|  17|0x0000000724600000, 0x0000000724600000, 0x0000000724800000|  0%| F|  |TAMS 0x0000000724600000, 0x0000000724600000| Untracked 
|  18|0x0000000724800000, 0x00000007248b5e90, 0x0000000724a00000| 35%| E|  |TAMS 0x0000000724800000, 0x0000000724800000| Complete 
|  19|0x0000000724a00000, 0x0000000724c00000, 0x0000000724c00000|100%| E|CS|TAMS 0x0000000724a00000, 0x0000000724a00000| Complete 
|  20|0x0000000724c00000, 0x0000000724e00000, 0x0000000724e00000|100%| E|CS|TAMS 0x0000000724c00000, 0x0000000724c00000| Complete 
|  21|0x0000000724e00000, 0x0000000725000000, 0x0000000725000000|100%| E|CS|TAMS 0x0000000724e00000, 0x0000000724e00000| Complete 
|  97|0x000000072e600000, 0x000000072e6c16c0, 0x000000072e800000| 37%| S|CS|TAMS 0x000000072e600000, 0x000000072e600000| Complete 
|  98|0x000000072e800000, 0x000000072ea00000, 0x000000072ea00000|100%| S|CS|TAMS 0x000000072e800000, 0x000000072e800000| Complete 
|  99|0x000000072ea00000, 0x000000072ec00000, 0x000000072ec00000|100%| S|CS|TAMS 0x000000072ea00000, 0x000000072ea00000| Complete 
| 100|0x000000072ec00000, 0x000000072ee00000, 0x000000072ee00000|100%| S|CS|TAMS 0x000000072ec00000, 0x000000072ec00000| Complete 
| 110|0x0000000730000000, 0x0000000730200000, 0x0000000730200000|100%| E|CS|TAMS 0x0000000730000000, 0x0000000730000000| Complete 

Card table byte_map: [0x000001f1791d0000,0x000001f1798c0000] _byte_map_base: 0x000001f1758be000

Marking Bits (Prev, Next): (CMBitMap*) 0x000001f161d801a0, (CMBitMap*) 0x000001f161d80160
 Prev Bits: [0x000001f100000000, 0x000001f103770000)
 Next Bits: [0x000001f179fb0000, 0x000001f17d720000)

Polling page: 0x000001f15fb70000

Metaspace:

Usage:
  Non-class:     19.61 MB used.
      Class:      3.08 MB used.
       Both:     22.69 MB used.

Virtual space:
  Non-class space:       24.00 MB reserved,      19.69 MB ( 82%) committed,  3 nodes.
      Class space:        1.00 GB reserved,       3.25 MB ( <1%) committed,  1 nodes.
             Both:        1.02 GB reserved,      22.94 MB (  2%) committed. 

Chunk freelists:
   Non-Class:  3.00 KB
       Class:  702.00 KB
        Both:  705.00 KB

MaxMetaspaceSize: unlimited
CompressedClassSpaceSize: 1.00 GB
Initial GC threshold: 21.00 MB
Current GC threshold: 35.12 MB
CDS: on
MetaspaceReclaimPolicy: balanced
 - commit_granule_bytes: 65536.
 - commit_granule_words: 8192.
 - virtual_space_node_default_size: 1048576.
 - enlarge_chunks_in_place: 1.
 - new_chunks_are_fully_committed: 0.
 - uncommit_free_chunks: 1.
 - use_allocation_guard: 0.
 - handle_deallocations: 1.


Internal statistics:

num_allocs_failed_limit: 3.
num_arena_births: 212.
num_arena_deaths: 2.
num_vsnodes_births: 4.
num_vsnodes_deaths: 0.
num_space_committed: 367.
num_space_uncommitted: 0.
num_chunks_returned_to_freelist: 5.
num_chunks_taken_from_freelist: 849.
num_chunk_merges: 3.
num_chunk_splits: 590.
num_chunks_enlarged: 455.
num_purges: 2.
num_inconsistent_stats: 0.

CodeHeap 'non-profiled nmethods': size=120000Kb used=1462Kb max_used=1462Kb free=118537Kb
 bounds [0x000001f171060000, 0x000001f1712d0000, 0x000001f178590000]
CodeHeap 'profiled nmethods': size=120000Kb used=6647Kb max_used=6647Kb free=113353Kb
 bounds [0x000001f169b30000, 0x000001f16a1b0000, 0x000001f171060000]
CodeHeap 'non-nmethods': size=5760Kb used=1489Kb max_used=1509Kb free=4270Kb
 bounds [0x000001f169590000, 0x000001f169800000, 0x000001f169b30000]
 total_blobs=4312 nmethods=3458 adapters=766
 compilation: enabled
              stopped_count=0, restarted_count=0
 full_count=0

Compilation events (20 events):
Event: 8.565 Thread 0x000001f103b82e00 3449       3       javafx.scene.paint.Color::acc_getPlatformPaint (23 bytes)
Event: 8.566 Thread 0x000001f103b82e00 nmethod 3449 0x000001f16a1a9d10 code [0x000001f16a1a9ec0, 0x000001f16a1aa158]
Event: 8.572 Thread 0x000001f103b82e00 3450       1       javafx.scene.layout.BorderWidths::getTop (5 bytes)
Event: 8.572 Thread 0x000001f103b82e00 nmethod 3450 0x000001f1711cc590 code [0x000001f1711cc720, 0x000001f1711cc7f8]
Event: 8.572 Thread 0x000001f103b82e00 3451       3       com.sun.prism.impl.VertexBuffer::setPerVertexColor (63 bytes)
Event: 8.572 Thread 0x000001f103b82e00 nmethod 3451 0x000001f16a1aa290 code [0x000001f16a1aa460, 0x000001f16a1aa698]
Event: 8.572 Thread 0x000001f103b82e00 3452       3       com.sun.javafx.font.LogicalFont::getSlotResource (123 bytes)
Event: 8.573 Thread 0x000001f103b82e00 nmethod 3452 0x000001f16a1aa790 code [0x000001f16a1aa9e0, 0x000001f16a1ab388]
Event: 8.573 Thread 0x000001f103b82e00 3453       3       com.sun.javafx.text.TextRun::getPosY (39 bytes)
Event: 8.573 Thread 0x000001f103b82e00 nmethod 3453 0x000001f16a1ab810 code [0x000001f16a1ab9c0, 0x000001f16a1abc18]
Event: 8.573 Thread 0x000001f103b82e00 3454       3       com.sun.javafx.font.CompositeStrike::getQuantizedPosition (12 bytes)
Event: 8.573 Thread 0x000001f103b82e00 nmethod 3454 0x000001f16a1abd10 code [0x000001f16a1abec0, 0x000001f16a1ac0d8]
Event: 8.573 Thread 0x000001f103b82e00 3455       3       com.sun.javafx.text.TextRun::getGlyphCode (46 bytes)
Event: 8.573 Thread 0x000001f103b82e00 nmethod 3455 0x000001f16a1ac210 code [0x000001f16a1ac3c0, 0x000001f16a1ac638]
Event: 8.573 Thread 0x000001f103b82e00 3456       3       com.sun.javafx.geom.transform.AffineBase::calculateType (598 bytes)
Event: 8.574 Thread 0x000001f103b82e00 nmethod 3456 0x000001f16a1ac790 code [0x000001f16a1aca40, 0x000001f16a1adae8]
Event: 8.637 Thread 0x000001f1062c92a0 3457   !   4       javafx.scene.Node::pickNode (130 bytes)
Event: 8.641 Thread 0x000001f1062c92a0 nmethod 3457 0x000001f1711cc890 code [0x000001f1711cca60, 0x000001f1711ccf88]
Event: 8.865 Thread 0x000001f1062c92a0 3458       4       com.sun.glass.ui.Application::checkEventThread (35 bytes)
Event: 8.865 Thread 0x000001f1062c92a0 nmethod 3458 0x000001f1711cd690 code [0x000001f1711cd800, 0x000001f1711cd898]

GC Heap History (6 events):
Event: 1.465 GC heap before
{Heap before GC invocations=0 (full 0):
 garbage-first heap   total 227328K, used 22528K [0x0000000722400000, 0x0000000800000000)
  region size 2048K, 11 young (22528K), 0 survivors (0K)
 Metaspace       used 5550K, committed 5760K, reserved 1056768K
  class space    used 671K, committed 768K, reserved 1048576K
}
Event: 1.467 GC heap after
{Heap after GC invocations=1 (full 0):
 garbage-first heap   total 227328K, used 4091K [0x0000000722400000, 0x0000000800000000)
  region size 2048K, 2 young (4096K), 2 survivors (4096K)
 Metaspace       used 5550K, committed 5760K, reserved 1056768K
  class space    used 671K, committed 768K, reserved 1048576K
}
Event: 1.910 GC heap before
{Heap before GC invocations=1 (full 0):
 garbage-first heap   total 227328K, used 34811K [0x0000000722400000, 0x0000000800000000)
  region size 2048K, 17 young (34816K), 2 survivors (4096K)
 Metaspace       used 13364K, committed 13568K, reserved 1064960K
  class space    used 2112K, committed 2240K, reserved 1048576K
}
Event: 1.915 GC heap after
{Heap after GC invocations=2 (full 0):
 garbage-first heap   total 227328K, used 7383K [0x0000000722400000, 0x0000000800000000)
  region size 2048K, 2 young (4096K), 2 survivors (4096K)
 Metaspace       used 13364K, committed 13568K, reserved 1064960K
  class space    used 2112K, committed 2240K, reserved 1048576K
}
Event: 8.409 GC heap before
{Heap before GC invocations=2 (full 0):
 garbage-first heap   total 227328K, used 27863K [0x0000000722400000, 0x0000000800000000)
  region size 2048K, 12 young (24576K), 2 survivors (4096K)
 Metaspace       used 21276K, committed 21504K, reserved 1073152K
  class space    used 2931K, committed 3072K, reserved 1048576K
}
Event: 8.413 GC heap after
{Heap after GC invocations=3 (full 0):
 garbage-first heap   total 227328K, used 12888K [0x0000000722400000, 0x0000000800000000)
  region size 2048K, 4 young (8192K), 4 survivors (8192K)
 Metaspace       used 21276K, committed 21504K, reserved 1073152K
  class space    used 2931K, committed 3072K, reserved 1048576K
}

Deoptimization events (20 events):
Event: 8.477 Thread 0x000001f104d242b0 Uncommon trap: trap_request=0xffffffde fr.pc=0x000001f1711b5680 relative=0x0000000000000f00
Event: 8.477 Thread 0x000001f104d242b0 Uncommon trap: reason=class_check action=maybe_recompile pc=0x000001f1711b5680 method=java.util.regex.Pattern$Start.match(Ljava/util/regex/Matcher;ILjava/lang/CharSequence;)Z @ 44 c2
Event: 8.477 Thread 0x000001f104d242b0 DEOPT PACKING pc=0x000001f1711b5680 sp=0x00000031d71f9310
Event: 8.477 Thread 0x000001f104d242b0 DEOPT UNPACKING pc=0x000001f1695e23a3 sp=0x00000031d71f92f0 mode 2
Event: 8.487 Thread 0x000001f104d242b0 Uncommon trap: trap_request=0xffffffde fr.pc=0x000001f1711a0044 relative=0x0000000000001304
Event: 8.487 Thread 0x000001f104d242b0 Uncommon trap: reason=class_check action=maybe_recompile pc=0x000001f1711a0044 method=java.util.HashMap.putVal(ILjava/lang/Object;Ljava/lang/Object;ZZ)Ljava/lang/Object; @ 253 c2
Event: 8.487 Thread 0x000001f104d242b0 DEOPT PACKING pc=0x000001f1711a0044 sp=0x00000031d71f98a0
Event: 8.487 Thread 0x000001f104d242b0 DEOPT UNPACKING pc=0x000001f1695e23a3 sp=0x00000031d71f9840 mode 2
Event: 8.487 Thread 0x000001f104d242b0 Uncommon trap: trap_request=0xffffffde fr.pc=0x000001f1711a0044 relative=0x0000000000001304
Event: 8.487 Thread 0x000001f104d242b0 Uncommon trap: reason=class_check action=maybe_recompile pc=0x000001f1711a0044 method=java.util.HashMap.putVal(ILjava/lang/Object;Ljava/lang/Object;ZZ)Ljava/lang/Object; @ 253 c2
Event: 8.487 Thread 0x000001f104d242b0 DEOPT PACKING pc=0x000001f1711a0044 sp=0x00000031d71f98a0
Event: 8.487 Thread 0x000001f104d242b0 DEOPT UNPACKING pc=0x000001f1695e23a3 sp=0x00000031d71f9840 mode 2
Event: 8.491 Thread 0x000001f104d242b0 Uncommon trap: trap_request=0xffffff45 fr.pc=0x000001f1711b2f30 relative=0x0000000000000b30
Event: 8.491 Thread 0x000001f104d242b0 Uncommon trap: reason=unstable_if action=reinterpret pc=0x000001f1711b2f30 method=java.lang.Integer.compare(II)I @ 2 c2
Event: 8.491 Thread 0x000001f104d242b0 DEOPT PACKING pc=0x000001f1711b2f30 sp=0x00000031d71f9e00
Event: 8.491 Thread 0x000001f104d242b0 DEOPT UNPACKING pc=0x000001f1695e23a3 sp=0x00000031d71f9c68 mode 2
Event: 8.525 Thread 0x000001f104d242b0 Uncommon trap: trap_request=0xffffff45 fr.pc=0x000001f1711b8ab8 relative=0x0000000000000218
Event: 8.525 Thread 0x000001f104d242b0 Uncommon trap: reason=unstable_if action=reinterpret pc=0x000001f1711b8ab8 method=java.util.regex.Matcher.reset()Ljava/util/regex/Matcher; @ 71 c2
Event: 8.525 Thread 0x000001f104d242b0 DEOPT PACKING pc=0x000001f1711b8ab8 sp=0x00000031d71fa650
Event: 8.525 Thread 0x000001f104d242b0 DEOPT UNPACKING pc=0x000001f1695e23a3 sp=0x00000031d71fa5d8 mode 2

Classes unloaded (1 events):
Event: 8.416 Thread 0x000001f103b59400 Unloading class 0x0000000800c04400 'java/lang/invoke/LambdaForm$DMH+0x0000000800c04400'

Classes redefined (0 events):
No events

Internal exceptions (20 events):
Event: 1.732 Thread 0x000001f104d242b0 Exception <a 'java/lang/ClassNotFoundException'{0x000000072ed474b8}: com/sun/javafx/scene/control/skin/resources/controls> (0x000000072ed474b8) 
thrown [t:\workspace\open\src\hotspot\share\prims\jni.cpp, line 535]
Event: 1.732 Thread 0x000001f104d242b0 Exception <a 'java/lang/ClassNotFoundException'{0x000000072ed558e8}: com/sun/javafx/scene/control/skin/resources/controls_uk> (0x000000072ed558e8) 
thrown [t:\workspace\open\src\hotspot\share\prims\jni.cpp, line 535]
Event: 1.733 Thread 0x000001f104d242b0 Exception <a 'java/lang/ClassNotFoundException'{0x000000072ed56f88}: com/sun/javafx/scene/control/skin/resources/controls_uk_UA> (0x000000072ed56f88) 
thrown [t:\workspace\open\src\hotspot\share\prims\jni.cpp, line 535]
Event: 1.766 Thread 0x000001f104d242b0 Exception <a 'java/lang/NoSuchMethodError'{0x000000072e719790}: 'void java.lang.invoke.DirectMethodHandle$Holder.invokeSpecial(java.lang.Object, java.lang.Object, java.lang.Object, java.lang.Object, java.lang.Object, java.lang.Object)'> (0x000000072e719790) 
thrown [t:\workspace\open\src\hotspot\share\interpreter\linkResolver.cpp, line 766]
Event: 1.768 Thread 0x000001f104d242b0 Exception <a 'java/lang/NoSuchMethodError'{0x000000072e73d250}: 'java.lang.Object java.lang.invoke.DirectMethodHandle$Holder.invokeInterface(java.lang.Object, java.lang.Object, java.lang.Object)'> (0x000000072e73d250) 
thrown [t:\workspace\open\src\hotspot\share\interpreter\linkResolver.cpp, line 766]
Event: 1.769 Thread 0x000001f104d242b0 Exception <a 'java/lang/IncompatibleClassChangeError'{0x000000072e740bd8}: Found class java.lang.Object, but interface was expected> (0x000000072e740bd8) 
thrown [t:\workspace\open\src\hotspot\share\interpreter\linkResolver.cpp, line 833]
Event: 1.855 Thread 0x000001f104d242b0 Exception <a 'java/lang/NoSuchMethodError'{0x000000072e02a810}: 'java.lang.Object java.lang.invoke.DirectMethodHandle$Holder.newInvokeSpecial(java.lang.Object, java.lang.Object, int)'> (0x000000072e02a810) 
thrown [t:\workspace\open\src\hotspot\share\interpreter\linkResolver.cpp, line 766]
Event: 1.897 Thread 0x000001f1049335c0 Exception <a 'java/lang/NoSuchMethodError'{0x000000072e119e28}: 'int java.lang.invoke.DirectMethodHandle$Holder.invokeStaticInit(java.lang.Object, java.lang.Object)'> (0x000000072e119e28) 
thrown [t:\workspace\open\src\hotspot\share\interpreter\linkResolver.cpp, line 766]
Event: 1.904 Thread 0x000001f104d242b0 Exception <a 'java/lang/NoSuchMethodError'{0x000000072e17f158}: 'long java.lang.invoke.DirectMethodHandle$Holder.invokeStatic(java.lang.Object, java.lang.Object, java.lang.Object)'> (0x000000072e17f158) 
thrown [t:\workspace\open\src\hotspot\share\interpreter\linkResolver.cpp, line 766]
Event: 1.904 Thread 0x000001f104d242b0 Exception <a 'java/lang/NoSuchMethodError'{0x000000072e182900}: 'long java.lang.invoke.DirectMethodHandle$Holder.invokeStaticInit(java.lang.Object, java.lang.Object, java.lang.Object)'> (0x000000072e182900) 
thrown [t:\workspace\open\src\hotspot\share\interpreter\linkResolver.cpp, line 766]
Event: 1.906 Thread 0x000001f104d242b0 Exception <a 'java/lang/NoSuchMethodError'{0x000000072e19a500}: 'java.lang.Object java.lang.invoke.DirectMethodHandle$Holder.newInvokeSpecial(java.lang.Object, java.lang.Object, long)'> (0x000000072e19a500) 
thrown [t:\workspace\open\src\hotspot\share\interpreter\linkResolver.cpp, line 766]
Event: 1.906 Thread 0x000001f104d242b0 Exception <a 'java/lang/NoSuchMethodError'{0x000000072e19e070}: 'java.lang.Object java.lang.invoke.Invokers$Holder.linkToTargetMethod(java.lang.Object, long, java.lang.Object)'> (0x000000072e19e070) 
thrown [t:\workspace\open\src\hotspot\share\interpreter\linkResolver.cpp, line 766]
Event: 8.013 Thread 0x000001f104d242b0 Exception <a 'java/lang/NoSuchMethodError'{0x000000072f601b10}: 'java.lang.Object java.lang.invoke.DirectMethodHandle$Holder.invokeInterface(java.lang.Object, java.lang.Object)'> (0x000000072f601b10) 
thrown [t:\workspace\open\src\hotspot\share\interpreter\linkResolver.cpp, line 766]
Event: 8.027 Thread 0x000001f104d242b0 Implicit null exception at 0x000001f17115a403 to 0x000001f17115a480
Event: 8.029 Thread 0x000001f104d242b0 Exception <a 'java/lang/NoSuchMethodError'{0x000000072f67fee8}: 'java.lang.Object java.lang.invoke.DirectMethodHandle$Holder.invokeVirtual(java.lang.Object, java.lang.Object, java.lang.Object)'> (0x000000072f67fee8) 
thrown [t:\workspace\open\src\hotspot\share\interpreter\linkResolver.cpp, line 766]
Event: 8.157 Thread 0x000001f104d242b0 Exception <a 'sun/nio/fs/WindowsException'{0x000000072f070730}> (0x000000072f070730) 
thrown [t:\workspace\open\src\hotspot\share\prims\jni.cpp, line 516]
Event: 8.171 Thread 0x000001f104d242b0 Exception <a 'java/lang/NoSuchMethodError'{0x000000072f0973c8}: 'int java.lang.invoke.DirectMethodHandle$Holder.invokeStaticInit(java.lang.Object, java.lang.Object, java.lang.Object, java.lang.Object)'> (0x000000072f0973c8) 
thrown [t:\workspace\open\src\hotspot\share\interpreter\linkResolver.cpp, line 766]
Event: 8.171 Thread 0x000001f104d242b0 Exception <a 'java/lang/IncompatibleClassChangeError'{0x000000072f0a0d60}: Found class java.lang.Object, but interface was expected> (0x000000072f0a0d60) 
thrown [t:\workspace\open\src\hotspot\share\interpreter\linkResolver.cpp, line 833]
Event: 8.203 Thread 0x000001f104d242b0 Exception <a 'java/lang/NoSuchMethodError'{0x000000072ee60690}: 'java.lang.Object java.lang.invoke.DirectMethodHandle$Holder.invokeStaticInit(java.lang.Object, int, int, int, int)'> (0x000000072ee60690) 
thrown [t:\workspace\open\src\hotspot\share\interpreter\linkResolver.cpp, line 766]
Event: 8.343 Thread 0x000001f104d242b0 Exception <a 'java/lang/NoSuchMethodError'{0x000000072ef282f8}: 'java.lang.Object java.lang.invoke.DirectMethodHandle$Holder.invokeStaticInit(java.lang.Object, java.lang.Object, int, int, int, int)'> (0x000000072ef282f8) 
thrown [t:\workspace\open\src\hotspot\share\interpreter\linkResolver.cpp, line 766]

VM Operations (20 events):
Event: 8.004 Executing VM operation: HandshakeAllThreads done
Event: 8.014 Executing VM operation: HandshakeAllThreads
Event: 8.014 Executing VM operation: HandshakeAllThreads done
Event: 8.028 Executing VM operation: HandshakeAllThreads
Event: 8.028 Executing VM operation: HandshakeAllThreads done
Event: 8.116 Executing VM operation: HandshakeAllThreads
Event: 8.116 Executing VM operation: HandshakeAllThreads done
Event: 8.166 Executing VM operation: HandshakeAllThreads
Event: 8.166 Executing VM operation: HandshakeAllThreads done
Event: 8.409 Executing VM operation: CollectForMetadataAllocation
Event: 8.413 Executing VM operation: CollectForMetadataAllocation done
Event: 8.416 Executing VM operation: G1Concurrent
Event: 8.418 Executing VM operation: G1Concurrent done
Event: 8.418 Executing VM operation: G1Concurrent
Event: 8.419 Executing VM operation: G1Concurrent done
Event: 8.458 Executing VM operation: HandshakeAllThreads
Event: 8.458 Executing VM operation: HandshakeAllThreads done
Event: 9.457 Executing VM operation: Cleanup
Event: 9.458 Executing VM operation: Cleanup done
Event: 37.164 Executing VM operation: Exit

Events (20 events):
Event: 8.504 loading class java/util/TimerTask done
Event: 8.506 loading class java/util/RegularEnumSet$EnumSetIterator
Event: 8.506 loading class java/util/RegularEnumSet$EnumSetIterator done
Event: 8.509 loading class java/time/OffsetTime
Event: 8.510 loading class java/time/OffsetTime done
Event: 8.510 loading class java/time/OffsetDateTime
Event: 8.510 loading class java/time/OffsetDateTime done
Event: 8.510 loading class java/time/ZonedDateTime
Event: 8.510 loading class java/time/chrono/ChronoZonedDateTime
Event: 8.511 loading class java/time/chrono/ChronoZonedDateTime done
Event: 8.511 loading class java/time/ZonedDateTime done
Event: 13.865 Thread 0x000001f1062c92a0 Thread exited: 0x000001f1062c92a0
Event: 37.163 loading class jdk/internal/misc/Signal$1
Event: 37.163 loading class jdk/internal/misc/Signal$1 done
Event: 37.163 Thread 0x000001f10f4c1150 Thread added: 0x000001f10f4c1150
Event: 37.163 Thread 0x000001f10f4c02e0 Thread added: 0x000001f10f4c02e0
Event: 37.163 Thread 0x000001f10e84cf20 Thread added: 0x000001f10e84cf20
Event: 37.164 Thread 0x000001f10e84cf20 Thread exited: 0x000001f10e84cf20
Event: 37.164 Thread 0x000001f10f4c02e0 Thread exited: 0x000001f10f4c02e0
Event: 37.164 Thread 0x000001f103b716f0 Thread exited: 0x000001f103b716f0


Dynamic libraries:
0x00007ff72c0d0000 - 0x00007ff72c0e0000 	C:\Program Files\Java\jdk-17.0.3.1\bin\java.exe
0x00007ff80e690000 - 0x00007ff80e888000 	C:\Windows\SYSTEM32\ntdll.dll
0x00007fffd7550000 - 0x00007fffd7569000 	C:\Program Files\Avast Software\Avast\aswhook.dll
0x00007ff80d710000 - 0x00007ff80d7cd000 	C:\Windows\System32\KERNEL32.DLL
0x00007ff80c190000 - 0x00007ff80c486000 	C:\Windows\System32\KERNELBASE.dll
0x00007ff80c090000 - 0x00007ff80c190000 	C:\Windows\System32\ucrtbase.dll
0x00007fffda820000 - 0x00007fffda838000 	C:\Program Files\Java\jdk-17.0.3.1\bin\jli.dll
0x00007fffd2900000 - 0x00007fffd291a000 	C:\Program Files\Java\jdk-17.0.3.1\bin\VCRUNTIME140.dll
0x00007ff80c960000 - 0x00007ff80ca13000 	C:\Windows\System32\ADVAPI32.dll
0x00007ff80c720000 - 0x00007ff80c7be000 	C:\Windows\System32\msvcrt.dll
0x00007ff80cb10000 - 0x00007ff80cbaf000 	C:\Windows\System32\sechost.dll
0x00007ff80db40000 - 0x00007ff80dc66000 	C:\Windows\System32\RPCRT4.dll
0x00007ff80c6b0000 - 0x00007ff80c6d7000 	C:\Windows\System32\bcrypt.dll
0x00007ff80c7c0000 - 0x00007ff80c95e000 	C:\Windows\System32\USER32.dll
0x00007ff80bd60000 - 0x00007ff80bd82000 	C:\Windows\System32\win32u.dll
0x00007ff80c6f0000 - 0x00007ff80c71c000 	C:\Windows\System32\GDI32.dll
0x00007ffff9f80000 - 0x00007ffffa21a000 	C:\Windows\WinSxS\amd64_microsoft.windows.common-controls_6595b64144ccf1df_6.0.19041.3636_none_60b6a03d71f818d5\COMCTL32.dll
0x00007ff80c490000 - 0x00007ff80c5aa000 	C:\Windows\System32\gdi32full.dll
0x00007ff80bff0000 - 0x00007ff80c08d000 	C:\Windows\System32\msvcp_win.dll
0x00007ff801660000 - 0x00007ff80166a000 	C:\Windows\SYSTEM32\VERSION.dll
0x00007ff80d080000 - 0x00007ff80d0b0000 	C:\Windows\System32\IMM32.DLL
0x00007fffec490000 - 0x00007fffec49c000 	C:\Program Files\Java\jdk-17.0.3.1\bin\vcruntime140_1.dll
0x00007fffcca90000 - 0x00007fffccb1d000 	C:\Program Files\Java\jdk-17.0.3.1\bin\msvcp140.dll
0x00007fff8d4f0000 - 0x00007fff8e0b0000 	C:\Program Files\Java\jdk-17.0.3.1\bin\server\jvm.dll
0x00007ff80c6e0000 - 0x00007ff80c6e8000 	C:\Windows\System32\PSAPI.DLL
0x00007ffff2fe0000 - 0x00007ffff2fe9000 	C:\Windows\SYSTEM32\WSOCK32.dll
0x00007ff80d510000 - 0x00007ff80d57b000 	C:\Windows\System32\WS2_32.dll
0x00007ff801630000 - 0x00007ff801657000 	C:\Windows\SYSTEM32\WINMM.dll
0x00007ff80a560000 - 0x00007ff80a572000 	C:\Windows\SYSTEM32\kernel.appcore.dll
0x00007fffda500000 - 0x00007fffda50a000 	C:\Program Files\Java\jdk-17.0.3.1\bin\jimage.dll
0x00007ff80a330000 - 0x00007ff80a514000 	C:\Windows\SYSTEM32\DBGHELP.DLL
0x00007ffff8f80000 - 0x00007ffff8fb4000 	C:\Windows\SYSTEM32\dbgcore.DLL
0x00007ff80bd90000 - 0x00007ff80be12000 	C:\Windows\System32\bcryptPrimitives.dll
0x00007fffd7610000 - 0x00007fffd761e000 	C:\Program Files\Java\jdk-17.0.3.1\bin\instrument.dll
0x00007fffccbe0000 - 0x00007fffccc05000 	C:\Program Files\Java\jdk-17.0.3.1\bin\java.dll
0x00007fffc4200000 - 0x00007fffc42d6000 	C:\Program Files\Java\jdk-17.0.3.1\bin\jsvml.dll
0x00007ff80dd40000 - 0x00007ff80e485000 	C:\Windows\System32\SHELL32.dll
0x00007ff809ac0000 - 0x00007ff80a25b000 	C:\Windows\SYSTEM32\windows.storage.dll
0x00007ff80d7d0000 - 0x00007ff80db24000 	C:\Windows\System32\combase.dll
0x00007ff80b640000 - 0x00007ff80b66d000 	C:\Windows\SYSTEM32\Wldp.dll
0x00007ff80e5a0000 - 0x00007ff80e64d000 	C:\Windows\System32\SHCORE.dll
0x00007ff80cbb0000 - 0x00007ff80cc05000 	C:\Windows\System32\shlwapi.dll
0x00007ff80bc90000 - 0x00007ff80bcb5000 	C:\Windows\SYSTEM32\profapi.dll
0x00007fffd1b40000 - 0x00007fffd1b59000 	C:\Program Files\Java\jdk-17.0.3.1\bin\net.dll
0x00007ff8033d0000 - 0x00007ff8034da000 	C:\Windows\SYSTEM32\WINHTTP.dll
0x00007ff80b420000 - 0x00007ff80b48a000 	C:\Windows\system32\mswsock.dll
0x00007fffcc180000 - 0x00007fffcc196000 	C:\Program Files\Java\jdk-17.0.3.1\bin\nio.dll
0x00007fffcc160000 - 0x00007fffcc178000 	C:\Program Files\Java\jdk-17.0.3.1\bin\zip.dll
0x00007fffcc140000 - 0x00007fffcc15a000 	C:\Program Files\JetBrains\IntelliJ IDEA 2023.2.5\bin\breakgen64.dll
0x000001f103bd0000 - 0x000001f103bd4000 	C:\Program Files\javafx\javafx-sdk-21.0.1\bin\api-ms-win-core-console-l1-1-0.dll
0x000001f103be0000 - 0x000001f103be4000 	C:\Program Files\javafx\javafx-sdk-21.0.1\bin\api-ms-win-core-console-l1-2-0.dll
0x000001f103bf0000 - 0x000001f103bf4000 	C:\Program Files\javafx\javafx-sdk-21.0.1\bin\api-ms-win-core-datetime-l1-1-0.dll
0x000001f105100000 - 0x000001f105104000 	C:\Program Files\javafx\javafx-sdk-21.0.1\bin\api-ms-win-core-debug-l1-1-0.dll
0x000001f105110000 - 0x000001f105114000 	C:\Program Files\javafx\javafx-sdk-21.0.1\bin\api-ms-win-core-errorhandling-l1-1-0.dll
0x000001f105120000 - 0x000001f105125000 	C:\Program Files\javafx\javafx-sdk-21.0.1\bin\api-ms-win-core-file-l1-1-0.dll
0x000001f105130000 - 0x000001f105134000 	C:\Program Files\javafx\javafx-sdk-21.0.1\bin\api-ms-win-core-file-l1-2-0.dll
0x000001f105140000 - 0x000001f105144000 	C:\Program Files\javafx\javafx-sdk-21.0.1\bin\api-ms-win-core-file-l2-1-0.dll
0x000001f105150000 - 0x000001f105154000 	C:\Program Files\javafx\javafx-sdk-21.0.1\bin\api-ms-win-core-handle-l1-1-0.dll
0x000001f105160000 - 0x000001f105164000 	C:\Program Files\javafx\javafx-sdk-21.0.1\bin\api-ms-win-core-heap-l1-1-0.dll
0x000001f105170000 - 0x000001f105174000 	C:\Program Files\javafx\javafx-sdk-21.0.1\bin\api-ms-win-core-interlocked-l1-1-0.dll
0x000001f105180000 - 0x000001f105184000 	C:\Program Files\javafx\javafx-sdk-21.0.1\bin\api-ms-win-core-libraryloader-l1-1-0.dll
0x000001f105190000 - 0x000001f105194000 	C:\Program Files\javafx\javafx-sdk-21.0.1\bin\api-ms-win-core-localization-l1-2-0.dll
0x000001f1051a0000 - 0x000001f1051a4000 	C:\Program Files\javafx\javafx-sdk-21.0.1\bin\api-ms-win-core-memory-l1-1-0.dll
0x000001f1051b0000 - 0x000001f1051b4000 	C:\Program Files\javafx\javafx-sdk-21.0.1\bin\api-ms-win-core-namedpipe-l1-1-0.dll
0x000001f1051c0000 - 0x000001f1051c4000 	C:\Program Files\javafx\javafx-sdk-21.0.1\bin\api-ms-win-core-processenvironment-l1-1-0.dll
0x000001f1051d0000 - 0x000001f1051d4000 	C:\Program Files\javafx\javafx-sdk-21.0.1\bin\api-ms-win-core-processthreads-l1-1-0.dll
0x000001f1051e0000 - 0x000001f1051e4000 	C:\Program Files\javafx\javafx-sdk-21.0.1\bin\api-ms-win-core-processthreads-l1-1-1.dll
0x000001f1051f0000 - 0x000001f1051f4000 	C:\Program Files\javafx\javafx-sdk-21.0.1\bin\api-ms-win-core-profile-l1-1-0.dll
0x000001f105200000 - 0x000001f105204000 	C:\Program Files\javafx\javafx-sdk-21.0.1\bin\api-ms-win-core-rtlsupport-l1-1-0.dll
0x000001f105210000 - 0x000001f105214000 	C:\Program Files\javafx\javafx-sdk-21.0.1\bin\api-ms-win-core-string-l1-1-0.dll
0x000001f105220000 - 0x000001f105224000 	C:\Program Files\javafx\javafx-sdk-21.0.1\bin\api-ms-win-core-synch-l1-1-0.dll
0x000001f105230000 - 0x000001f105234000 	C:\Program Files\javafx\javafx-sdk-21.0.1\bin\api-ms-win-core-synch-l1-2-0.dll
0x000001f105240000 - 0x000001f105244000 	C:\Program Files\javafx\javafx-sdk-21.0.1\bin\api-ms-win-core-sysinfo-l1-1-0.dll
0x000001f105250000 - 0x000001f105254000 	C:\Program Files\javafx\javafx-sdk-21.0.1\bin\api-ms-win-core-timezone-l1-1-0.dll
0x000001f105260000 - 0x000001f105264000 	C:\Program Files\javafx\javafx-sdk-21.0.1\bin\api-ms-win-core-util-l1-1-0.dll
0x000001f105270000 - 0x000001f105274000 	C:\Program Files\javafx\javafx-sdk-21.0.1\bin\api-ms-win-crt-conio-l1-1-0.dll
0x000001f105280000 - 0x000001f105285000 	C:\Program Files\javafx\javafx-sdk-21.0.1\bin\api-ms-win-crt-convert-l1-1-0.dll
0x000001f105290000 - 0x000001f105294000 	C:\Program Files\javafx\javafx-sdk-21.0.1\bin\api-ms-win-crt-environment-l1-1-0.dll
0x000001f1052a0000 - 0x000001f1052a4000 	C:\Program Files\javafx\javafx-sdk-21.0.1\bin\api-ms-win-crt-filesystem-l1-1-0.dll
0x000001f1052b0000 - 0x000001f1052b4000 	C:\Program Files\javafx\javafx-sdk-21.0.1\bin\api-ms-win-crt-heap-l1-1-0.dll
0x000001f1052c0000 - 0x000001f1052c4000 	C:\Program Files\javafx\javafx-sdk-21.0.1\bin\api-ms-win-crt-locale-l1-1-0.dll
0x000001f1052d0000 - 0x000001f1052d6000 	C:\Program Files\javafx\javafx-sdk-21.0.1\bin\api-ms-win-crt-math-l1-1-0.dll
0x000001f1052e0000 - 0x000001f1052e6000 	C:\Program Files\javafx\javafx-sdk-21.0.1\bin\api-ms-win-crt-multibyte-l1-1-0.dll
0x000001f1052f0000 - 0x000001f105301000 	C:\Program Files\javafx\javafx-sdk-21.0.1\bin\api-ms-win-crt-private-l1-1-0.dll
0x000001f105310000 - 0x000001f105314000 	C:\Program Files\javafx\javafx-sdk-21.0.1\bin\api-ms-win-crt-process-l1-1-0.dll
0x000001f105320000 - 0x000001f105325000 	C:\Program Files\javafx\javafx-sdk-21.0.1\bin\api-ms-win-crt-runtime-l1-1-0.dll
0x000001f105330000 - 0x000001f105335000 	C:\Program Files\javafx\javafx-sdk-21.0.1\bin\api-ms-win-crt-stdio-l1-1-0.dll
0x000001f105340000 - 0x000001f105345000 	C:\Program Files\javafx\javafx-sdk-21.0.1\bin\api-ms-win-crt-string-l1-1-0.dll
0x000001f105350000 - 0x000001f105354000 	C:\Program Files\javafx\javafx-sdk-21.0.1\bin\api-ms-win-crt-time-l1-1-0.dll
0x000001f105360000 - 0x000001f105364000 	C:\Program Files\javafx\javafx-sdk-21.0.1\bin\api-ms-win-crt-utility-l1-1-0.dll
0x00007fffc37e0000 - 0x00007fffc38f1000 	C:\Program Files\javafx\javafx-sdk-21.0.1\bin\ucrtbase.dll
0x00007fffcc120000 - 0x00007fffcc13b000 	C:\Program Files\javafx\javafx-sdk-21.0.1\bin\vcruntime140.dll
0x00007fffd6b90000 - 0x00007fffd6b9c000 	C:\Program Files\javafx\javafx-sdk-21.0.1\bin\vcruntime140_1.dll
0x00007fffcab50000 - 0x00007fffcabde000 	C:\Program Files\javafx\javafx-sdk-21.0.1\bin\msvcp140.dll
0x00007ff80d5e0000 - 0x00007ff80d70b000 	C:\Windows\System32\ole32.dll
0x00007fffd3470000 - 0x00007fffd3479000 	C:\Program Files\javafx\javafx-sdk-21.0.1\bin\msvcp140_1.dll
0x00007fffcc0f0000 - 0x00007fffcc11f000 	C:\Program Files\javafx\javafx-sdk-21.0.1\bin\msvcp140_2.dll
0x00007fffcbfe0000 - 0x00007fffcc00f000 	C:\Program Files\javafx\javafx-sdk-21.0.1\bin\prism_d3d.dll
0x00007fffda330000 - 0x00007fffda4fd000 	C:\Windows\system32\d3d9.dll
0x00007ff8095f0000 - 0x00007ff80961f000 	C:\Windows\SYSTEM32\dwmapi.dll
0x00007ff809410000 - 0x00007ff8094ae000 	C:\Windows\system32\uxtheme.dll
0x00007ff80b8b0000 - 0x00007ff80b8c2000 	C:\Windows\SYSTEM32\msasn1.dll
0x00007ff800800000 - 0x00007ff800831000 	C:\Windows\SYSTEM32\cryptnet.dll
0x00007ff80be90000 - 0x00007ff80bfed000 	C:\Windows\System32\CRYPT32.dll
0x00007ff80b5b0000 - 0x00007ff80b5bc000 	C:\Windows\SYSTEM32\cryptbase.dll
0x00007ff80be20000 - 0x00007ff80be87000 	C:\Windows\System32\wintrust.dll
0x00007ff80d230000 - 0x00007ff80d24d000 	C:\Windows\System32\imagehlp.dll
0x00007ff80b680000 - 0x00007ff80b698000 	C:\Windows\SYSTEM32\CRYPTSP.dll
0x00007ff80ad70000 - 0x00007ff80ada4000 	C:\Windows\system32\rsaenh.dll
0x00007fffcae50000 - 0x00007fffcae92000 	C:\Program Files\javafx\javafx-sdk-21.0.1\bin\glass.dll
0x00007ff80ca20000 - 0x00007ff80cafa000 	C:\Windows\System32\COMDLG32.dll
0x00007ff80dc70000 - 0x00007ff80dd3d000 	C:\Windows\System32\OLEAUT32.dll
0x00007ff80d110000 - 0x00007ff80d224000 	C:\Windows\System32\MSCTF.dll
0x00007fffc6b10000 - 0x00007fffc6bcc000 	C:\Windows\System32\DriverStore\FileRepository\nvlt.inf_amd64_e251f9aa505cc24f\nvldumdx.dll
0x00007ff8006b0000 - 0x00007ff8007f8000 	C:\Windows\SYSTEM32\drvstore.dll
0x00007ff80ba80000 - 0x00007ff80bab3000 	C:\Windows\SYSTEM32\devobj.dll
0x00007ff80c5b0000 - 0x00007ff80c5fe000 	C:\Windows\System32\cfgmgr32.dll
0x00007fff854e0000 - 0x00007fff8866b000 	C:\Windows\System32\DriverStore\FileRepository\nvlt.inf_amd64_e251f9aa505cc24f\nvd3dumx.dll
0x00007fffa4830000 - 0x00007fffa4b01000 	C:\Windows\system32\nvspcap64.dll
0x00007ff80ae90000 - 0x00007ff80aec3000 	C:\Windows\SYSTEM32\ntmarta.dll
0x00007ff80a580000 - 0x00007ff80a5a3000 	C:\Windows\SYSTEM32\gpapi.dll
0x00007ff802bd0000 - 0x00007ff802c0b000 	C:\Windows\SYSTEM32\dxcore.dll
0x00007ff801270000 - 0x00007ff80142b000 	C:\Windows\System32\DriverStore\FileRepository\u0385026.inf_amd64_7c43f959e6ea9e43\B384873\aticfx64.dll
0x00007fffb99f0000 - 0x00007fffb9a24000 	C:\Windows\System32\DriverStore\FileRepository\u0385026.inf_amd64_7c43f959e6ea9e43\B384873\atiu9p64.dll
0x00007fffa7160000 - 0x00007fffa7eb5000 	C:\Windows\System32\DriverStore\FileRepository\u0385026.inf_amd64_7c43f959e6ea9e43\B384873\atiumd64.dll
0x000000005edf0000 - 0x000000005fd17000 	C:\Windows\System32\DriverStore\FileRepository\u0385026.inf_amd64_7c43f959e6ea9e43\B384873\atiumd6a.dll
0x00007ff80cc10000 - 0x00007ff80d07e000 	C:\Windows\System32\SETUPAPI.dll
0x00007ff80bbc0000 - 0x00007ff80bc0b000 	C:\Windows\SYSTEM32\POWRPROF.dll

dbghelp: loaded successfully - version: 4.0.5 - missing functions: none
symbol engine: initialized successfully - sym options: 0x614 - pdb path: .;C:\Program Files\Java\jdk-17.0.3.1\bin;C:\Windows\SYSTEM32;C:\Program Files\Avast Software\Avast;C:\Windows\WinSxS\amd64_microsoft.windows.common-controls_6595b64144ccf1df_6.0.19041.3636_none_60b6a03d71f818d5;C:\Program Files\Java\jdk-17.0.3.1\bin\server;C:\Program Files\JetBrains\IntelliJ IDEA 2023.2.5\bin;C:\Program Files\javafx\javafx-sdk-21.0.1\bin;C:\Windows\System32\DriverStore\FileRepository\nvlt.inf_amd64_e251f9aa505cc24f;C:\Windows\System32\DriverStore\FileRepository\u0385026.inf_amd64_7c43f959e6ea9e43\B384873;C:\Program Files\Common Files\Microsoft Shared\Ink

VM Arguments:
jvm_args: --module-path=C:\Program Files\javafx\javafx-sdk-21.0.1\lib --add-modules=javafx.controls,javafx.fxml -javaagent:C:\Program Files\JetBrains\IntelliJ IDEA 2023.2.5\lib\idea_rt.jar=49997:C:\Program Files\JetBrains\IntelliJ IDEA 2023.2.5\bin -Dfile.encoding=UTF-8 
java_command: com.example.registrationwindow.Main
java_class_path (initial): C:\Users\user\IdeaProjects\registrationWindow\target\classes;C:\Users\user\.m2\repository\org\openjfx\javafx-controls\17.0.6\javafx-controls-17.0.6.jar;C:\Users\user\.m2\repository\org\openjfx\javafx-controls\17.0.6\javafx-controls-17.0.6-win.jar;C:\Users\user\.m2\repository\org\openjfx\javafx-graphics\17.0.6\javafx-graphics-17.0.6.jar;C:\Users\user\.m2\repository\org\openjfx\javafx-graphics\17.0.6\javafx-graphics-17.0.6-win.jar;C:\Users\user\.m2\repository\org\openjfx\javafx-base\17.0.6\javafx-base-17.0.6.jar;C:\Users\user\.m2\repository\org\openjfx\javafx-base\17.0.6\javafx-base-17.0.6-win.jar;C:\Users\user\.m2\repository\org\openjfx\javafx-fxml\17.0.6\javafx-fxml-17.0.6.jar;C:\Users\user\.m2\repository\org\openjfx\javafx-fxml\17.0.6\javafx-fxml-17.0.6-win.jar;C:\Users\user\.m2\repository\org\controlsfx\controlsfx\11.1.2\controlsfx-11.1.2.jar;C:\Users\user\.m2\repository\mysql\mysql-connector-java\8.0.28\mysql-connector-java-8.0.28.jar;C:\Users\user\.m2\repository\com\google\protobuf\protobuf-java\3.11.4\protobuf-java-3.11.4.jar
Launcher Type: SUN_STANDARD

[Global flags]
     intx CICompilerCount                          = 4                                         {product} {ergonomic}
     uint ConcGCThreads                            = 3                                         {product} {ergonomic}
     uint G1ConcRefinementThreads                  = 10                                        {product} {ergonomic}
   size_t G1HeapRegionSize                         = 2097152                                   {product} {ergonomic}
    uintx GCDrainStackTargetSize                   = 64                                        {product} {ergonomic}
   size_t InitialHeapSize                          = 232783872                                 {product} {ergonomic}
   size_t MarkStackSize                            = 4194304                                   {product} {ergonomic}
   size_t MaxHeapSize                              = 3720347648                                {product} {ergonomic}
   size_t MaxNewSize                               = 2231369728                                {product} {ergonomic}
   size_t MinHeapDeltaBytes                        = 2097152                                   {product} {ergonomic}
   size_t MinHeapSize                              = 8388608                                   {product} {ergonomic}
    uintx NonNMethodCodeHeapSize                   = 5839372                                {pd product} {ergonomic}
    uintx NonProfiledCodeHeapSize                  = 122909434                              {pd product} {ergonomic}
    uintx ProfiledCodeHeapSize                     = 122909434                              {pd product} {ergonomic}
    uintx ReservedCodeCacheSize                    = 251658240                              {pd product} {ergonomic}
     bool SegmentedCodeCache                       = true                                      {product} {ergonomic}
   size_t SoftMaxHeapSize                          = 3720347648                             {manageable} {ergonomic}
     bool UseCompressedClassPointers               = true                           {product lp64_product} {ergonomic}
     bool UseCompressedOops                        = true                           {product lp64_product} {ergonomic}
     bool UseG1GC                                  = true                                      {product} {ergonomic}
     bool UseLargePagesIndividualAllocation        = false                                  {pd product} {ergonomic}

Logging:
Log output configuration:
 #0: stdout all=off uptime,level,tags
 #1: stderr all=off uptime,level,tags

Environment Variables:
PATH=C:\Program Files\Eclipse Adoptium\jdk-8.0.392.8-hotspot\bin;C:\Program Files\Common Files\Oracle\Java\javapath;C:\ProgramData\Oracle\Java\javapath;C:\Windows\system32;C:\Windows;C:\Windows\System32\Wbem;C:\Windows\System32\WindowsPowerShell\v1.0\;C:\Windows\System32\OpenSSH\;C:\Program Files\NVIDIA Corporation\NVIDIA NvDLISR;C:\Program Files\Common Files\Autodesk Shared\;C:\Program Files\Microsoft SQL Server\120\Tools\Binn\;C:\Program Files\dotnet\;C:\Program Files\Microsoft SQL Server\150\Tools\Binn\;C:\Program Files\Microsoft SQL Server\Client SDK\ODBC\170\Tools\Binn\;C:\Games\putty\;C:\Program Files\Git\cmd;C:\Users\user\AppData\Local\Microsoft\WindowsApps;C:\Users\user\.dotnet\tools;C:\Users\user\AppData\Local\Programs\Microsoft VS Code\bin;C:\Program Files\JetBrains\IntelliJ IDEA 2023.2.5\bin;
USERNAME=user
OS=Windows_NT
PROCESSOR_IDENTIFIER=AMD64 Family 25 Model 80 Stepping 0, AuthenticAMD



---------------  S Y S T E M  ---------------

OS:
 Windows 10 , 64 bit Build 19041 (10.0.19041.3636)
OS uptime: 0 days 11:43 hours
Hyper-V role detected

CPU: total 12 (initial active 12) (12 cores per cpu, 2 threads per core) family 25 model 80 stepping 0 microcode 0x0, cx8, cmov, fxsr, ht, mmx, 3dnowpref, sse, sse2, sse3, ssse3, sse4a, sse4.1, sse4.2, popcnt, lzcnt, tsc, tscinvbit, avx, avx2, aes, erms, clmul, bmi1, bmi2, adx, sha, fma, vzeroupper, clflush, clflushopt, hv

Memory: 4k page, system-wide physical 14188M (4511M free)
TotalPageFile size 18028M (AvailPageFile size 3585M)
current process WorkingSet (physical memory assigned to process): 133M, peak: 174M
current process commit charge ("private bytes"): 234M, peak: 427M

vm_info: Java HotSpot(TM) 64-Bit Server VM (17.0.3.1+2-LTS-6) for windows-amd64 JRE (17.0.3.1+2-LTS-6), built on Apr 25 2022 22:04:21 by "mach5one" with MS VC++ 16.8 / 16.9 (VS2019)

END.
